{"C:\\Users\\piemr\\source\\repos\\uww-muhendislik\\apps\\api\\public\\swagger\\swagger-ui.js": {"path":"C:\\Users\\piemr\\source\\repos\\uww-muhendislik\\apps\\api\\public\\swagger\\swagger-ui.js","all":true,"statementMap":{"0":{"start":{"line":1,"column":0},"end":{"line":1,"column":30}},"1":{"start":{"line":2,"column":0},"end":{"line":2,"column":35}},"2":{"start":{"line":3,"column":0},"end":{"line":3,"column":34}},"3":{"start":{"line":4,"column":0},"end":{"line":4,"column":28}},"4":{"start":{"line":5,"column":0},"end":{"line":5,"column":36}},"5":{"start":{"line":6,"column":0},"end":{"line":6,"column":41}},"6":{"start":{"line":7,"column":0},"end":{"line":7,"column":53}},"8":{"start":{"line":9,"column":0},"end":{"line":9,"column":52}},"9":{"start":{"line":10,"column":0},"end":{"line":10,"column":69}},"10":{"start":{"line":11,"column":0},"end":{"line":11,"column":23}},"11":{"start":{"line":12,"column":0},"end":{"line":12,"column":34}},"13":{"start":{"line":14,"column":0},"end":{"line":14,"column":8}},"14":{"start":{"line":15,"column":0},"end":{"line":15,"column":36}},"15":{"start":{"line":16,"column":0},"end":{"line":16,"column":21}},"16":{"start":{"line":17,"column":0},"end":{"line":17,"column":61}},"17":{"start":{"line":18,"column":0},"end":{"line":18,"column":35}},"19":{"start":{"line":20,"column":0},"end":{"line":20,"column":53}},"20":{"start":{"line":21,"column":0},"end":{"line":21,"column":73}},"21":{"start":{"line":22,"column":0},"end":{"line":22,"column":24}},"22":{"start":{"line":23,"column":0},"end":{"line":23,"column":27}},"24":{"start":{"line":25,"column":0},"end":{"line":25,"column":44}},"25":{"start":{"line":26,"column":0},"end":{"line":26,"column":24}},"26":{"start":{"line":27,"column":0},"end":{"line":27,"column":74}},"27":{"start":{"line":28,"column":0},"end":{"line":28,"column":24}},"28":{"start":{"line":29,"column":0},"end":{"line":29,"column":22}},"29":{"start":{"line":30,"column":0},"end":{"line":30,"column":27}},"30":{"start":{"line":31,"column":0},"end":{"line":31,"column":23}},"31":{"start":{"line":32,"column":0},"end":{"line":32,"column":33}},"32":{"start":{"line":33,"column":0},"end":{"line":33,"column":35}},"33":{"start":{"line":34,"column":0},"end":{"line":34,"column":84}},"34":{"start":{"line":35,"column":0},"end":{"line":35,"column":33}},"35":{"start":{"line":36,"column":0},"end":{"line":36,"column":36}},"36":{"start":{"line":37,"column":0},"end":{"line":37,"column":9}},"37":{"start":{"line":38,"column":0},"end":{"line":38,"column":8}},"38":{"start":{"line":39,"column":0},"end":{"line":39,"column":14}},"39":{"start":{"line":40,"column":0},"end":{"line":40,"column":6}},"40":{"start":{"line":41,"column":0},"end":{"line":41,"column":5}},"41":{"start":{"line":42,"column":0},"end":{"line":42,"column":20}},"42":{"start":{"line":43,"column":0},"end":{"line":43,"column":49}},"43":{"start":{"line":44,"column":0},"end":{"line":44,"column":4}},"44":{"start":{"line":45,"column":0},"end":{"line":45,"column":3}},"46":{"start":{"line":47,"column":0},"end":{"line":47,"column":18}},"47":{"start":{"line":48,"column":0},"end":{"line":48,"column":3}},"48":{"start":{"line":49,"column":0},"end":{"line":49,"column":2}},"50":{"start":{"line":51,"column":0},"end":{"line":51,"column":36}},"51":{"start":{"line":52,"column":0},"end":{"line":52,"column":40}},"52":{"start":{"line":53,"column":0},"end":{"line":53,"column":68}},"53":{"start":{"line":54,"column":0},"end":{"line":54,"column":8}},"54":{"start":{"line":55,"column":0},"end":{"line":55,"column":23}},"55":{"start":{"line":56,"column":0},"end":{"line":56,"column":1}}},"s":{"0":0,"1":0,"2":0,"3":0,"4":0,"5":0,"6":0,"8":0,"9":0,"10":0,"11":0,"13":0,"14":0,"15":0,"16":0,"17":0,"19":0,"20":0,"21":0,"22":0,"24":0,"25":0,"26":0,"27":0,"28":0,"29":0,"30":0,"31":0,"32":0,"33":0,"34":0,"35":0,"36":0,"37":0,"38":0,"39":0,"40":0,"41":0,"42":0,"43":0,"44":0,"46":0,"47":0,"48":0,"50":0,"51":0,"52":0,"53":0,"54":0,"55":0},"branchMap":{"0":{"type":"branch","line":1,"loc":{"start":{"line":1,"column":0},"end":{"line":56,"column":1}},"locations":[{"start":{"line":1,"column":0},"end":{"line":56,"column":1}}]}},"b":{"0":[0]},"fnMap":{"0":{"name":"(empty-report)","decl":{"start":{"line":1,"column":0},"end":{"line":56,"column":1}},"loc":{"start":{"line":1,"column":0},"end":{"line":56,"column":1}},"line":1}},"f":{"0":0}}
,"C:\\Users\\piemr\\source\\repos\\uww-muhendislik\\apps\\api\\src\\app.ts": {"path":"C:\\Users\\piemr\\source\\repos\\uww-muhendislik\\apps\\api\\src\\app.ts","all":false,"statementMap":{"0":{"start":{"line":1,"column":0},"end":{"line":1,"column":29}},"1":{"start":{"line":2,"column":0},"end":{"line":2,"column":68}},"2":{"start":{"line":3,"column":0},"end":{"line":3,"column":24}},"3":{"start":{"line":4,"column":0},"end":{"line":4,"column":28}},"4":{"start":{"line":5,"column":0},"end":{"line":5,"column":30}},"5":{"start":{"line":6,"column":0},"end":{"line":6,"column":39}},"6":{"start":{"line":7,"column":0},"end":{"line":7,"column":43}},"7":{"start":{"line":8,"column":0},"end":{"line":8,"column":37}},"8":{"start":{"line":9,"column":0},"end":{"line":9,"column":69}},"10":{"start":{"line":11,"column":0},"end":{"line":11,"column":63}},"11":{"start":{"line":12,"column":0},"end":{"line":12,"column":54}},"12":{"start":{"line":13,"column":0},"end":{"line":13,"column":30}},"13":{"start":{"line":14,"column":0},"end":{"line":14,"column":52}},"15":{"start":{"line":16,"column":0},"end":{"line":16,"column":16}},"18":{"start":{"line":19,"column":0},"end":{"line":19,"column":38}},"19":{"start":{"line":20,"column":0},"end":{"line":20,"column":28}},"20":{"start":{"line":21,"column":0},"end":{"line":21,"column":35}},"23":{"start":{"line":24,"column":0},"end":{"line":24,"column":49}},"24":{"start":{"line":25,"column":0},"end":{"line":25,"column":43}},"25":{"start":{"line":26,"column":0},"end":{"line":26,"column":32}},"26":{"start":{"line":27,"column":0},"end":{"line":27,"column":2}},"29":{"start":{"line":30,"column":0},"end":{"line":30,"column":32}},"30":{"start":{"line":31,"column":0},"end":{"line":31,"column":13}},"31":{"start":{"line":32,"column":0},"end":{"line":32,"column":1}},"34":{"start":{"line":35,"column":0},"end":{"line":35,"column":43}},"37":{"start":{"line":38,"column":0},"end":{"line":38,"column":16}},"38":{"start":{"line":39,"column":0},"end":{"line":39,"column":24}},"41":{"start":{"line":42,"column":0},"end":{"line":42,"column":59}},"44":{"start":{"line":45,"column":0},"end":{"line":45,"column":24}},"47":{"start":{"line":48,"column":0},"end":{"line":48,"column":63}},"48":{"start":{"line":49,"column":0},"end":{"line":49,"column":61}},"51":{"start":{"line":52,"column":0},"end":{"line":52,"column":8}},"52":{"start":{"line":53,"column":0},"end":{"line":53,"column":9}},"53":{"start":{"line":54,"column":0},"end":{"line":54,"column":17}},"54":{"start":{"line":55,"column":0},"end":{"line":55,"column":28}},"55":{"start":{"line":56,"column":0},"end":{"line":56,"column":39}},"56":{"start":{"line":57,"column":0},"end":{"line":57,"column":4}},"57":{"start":{"line":58,"column":0},"end":{"line":58,"column":2}},"60":{"start":{"line":61,"column":0},"end":{"line":61,"column":25}},"63":{"start":{"line":64,"column":0},"end":{"line":64,"column":28}},"65":{"start":{"line":66,"column":0},"end":{"line":66,"column":19}}},"s":{"0":1,"1":1,"2":1,"3":1,"4":1,"5":1,"6":1,"7":1,"8":1,"10":1,"11":1,"12":1,"13":1,"15":1,"18":1,"19":1,"20":1,"23":1,"24":1,"25":300,"26":300,"29":1,"30":0,"31":0,"34":1,"37":1,"38":1,"41":1,"44":1,"47":1,"48":1,"51":1,"52":1,"53":1,"54":1,"55":1,"56":1,"57":1,"60":1,"63":1,"65":1},"branchMap":{"0":{"type":"branch","line":30,"loc":{"start":{"line":30,"column":31},"end":{"line":32,"column":1}},"locations":[{"start":{"line":30,"column":31},"end":{"line":32,"column":1}}]},"1":{"type":"branch","line":25,"loc":{"start":{"line":25,"column":26},"end":{"line":27,"column":2}},"locations":[{"start":{"line":25,"column":26},"end":{"line":27,"column":2}}]}},"b":{"0":[0],"1":[300]},"fnMap":{"0":{"name":"Error.prepareStackTrace","decl":{"start":{"line":25,"column":26},"end":{"line":27,"column":2}},"loc":{"start":{"line":25,"column":26},"end":{"line":27,"column":2}},"line":25}},"f":{"0":300}}
,"C:\\Users\\piemr\\source\\repos\\uww-muhendislik\\apps\\api\\src\\server.ts": {"path":"C:\\Users\\piemr\\source\\repos\\uww-muhendislik\\apps\\api\\src\\server.ts","all":true,"statementMap":{"0":{"start":{"line":1,"column":0},"end":{"line":1,"column":41}},"1":{"start":{"line":2,"column":0},"end":{"line":2,"column":24}},"2":{"start":{"line":3,"column":0},"end":{"line":3,"column":37}},"3":{"start":{"line":4,"column":0},"end":{"line":4,"column":46}},"4":{"start":{"line":5,"column":0},"end":{"line":5,"column":33}},"6":{"start":{"line":7,"column":0},"end":{"line":7,"column":20}},"8":{"start":{"line":9,"column":0},"end":{"line":9,"column":34}},"9":{"start":{"line":10,"column":0},"end":{"line":10,"column":92}},"10":{"start":{"line":11,"column":0},"end":{"line":11,"column":71}},"11":{"start":{"line":12,"column":0},"end":{"line":12,"column":3}}},"s":{"0":0,"1":0,"2":0,"3":0,"4":0,"6":0,"8":0,"9":0,"10":0,"11":0},"branchMap":{"0":{"type":"branch","line":1,"loc":{"start":{"line":1,"column":0},"end":{"line":12,"column":-266}},"locations":[{"start":{"line":1,"column":0},"end":{"line":12,"column":-266}}]}},"b":{"0":[0]},"fnMap":{"0":{"name":"(empty-report)","decl":{"start":{"line":1,"column":0},"end":{"line":12,"column":-266}},"loc":{"start":{"line":1,"column":0},"end":{"line":12,"column":-266}},"line":1}},"f":{"0":0}}
,"C:\\Users\\piemr\\source\\repos\\uww-muhendislik\\apps\\api\\src\\__test__\\data\\notification.data.ts": {"path":"C:\\Users\\piemr\\source\\repos\\uww-muhendislik\\apps\\api\\src\\__test__\\data\\notification.data.ts","all":true,"statementMap":{"4":{"start":{"line":5,"column":0},"end":{"line":5,"column":54}},"5":{"start":{"line":6,"column":0},"end":{"line":6,"column":2}},"6":{"start":{"line":7,"column":0},"end":{"line":7,"column":67}},"7":{"start":{"line":8,"column":0},"end":{"line":8,"column":64}},"8":{"start":{"line":9,"column":0},"end":{"line":9,"column":68}},"9":{"start":{"line":10,"column":0},"end":{"line":10,"column":20}},"10":{"start":{"line":11,"column":0},"end":{"line":11,"column":16}},"11":{"start":{"line":12,"column":0},"end":{"line":12,"column":3}},"12":{"start":{"line":13,"column":0},"end":{"line":13,"column":2}},"13":{"start":{"line":14,"column":0},"end":{"line":14,"column":38}},"14":{"start":{"line":15,"column":0},"end":{"line":15,"column":35}},"15":{"start":{"line":16,"column":0},"end":{"line":16,"column":35}},"16":{"start":{"line":17,"column":0},"end":{"line":17,"column":27}},"17":{"start":{"line":18,"column":0},"end":{"line":18,"column":16}},"18":{"start":{"line":19,"column":0},"end":{"line":19,"column":3}},"19":{"start":{"line":20,"column":0},"end":{"line":20,"column":2}},"20":{"start":{"line":21,"column":0},"end":{"line":21,"column":38}},"21":{"start":{"line":22,"column":0},"end":{"line":22,"column":35}},"22":{"start":{"line":23,"column":0},"end":{"line":23,"column":35}},"23":{"start":{"line":24,"column":0},"end":{"line":24,"column":21}},"24":{"start":{"line":25,"column":0},"end":{"line":25,"column":16}},"25":{"start":{"line":26,"column":0},"end":{"line":26,"column":3}},"26":{"start":{"line":27,"column":0},"end":{"line":27,"column":2}},"29":{"start":{"line":30,"column":0},"end":{"line":30,"column":53}},"30":{"start":{"line":31,"column":0},"end":{"line":31,"column":11}},"31":{"start":{"line":32,"column":0},"end":{"line":32,"column":11}},"32":{"start":{"line":33,"column":0},"end":{"line":33,"column":18}},"33":{"start":{"line":34,"column":0},"end":{"line":34,"column":20}},"34":{"start":{"line":35,"column":0},"end":{"line":35,"column":12}},"35":{"start":{"line":36,"column":0},"end":{"line":36,"column":11}},"36":{"start":{"line":37,"column":0},"end":{"line":37,"column":2}}},"s":{"4":0,"5":0,"6":0,"7":0,"8":0,"9":0,"10":0,"11":0,"12":0,"13":0,"14":0,"15":0,"16":0,"17":0,"18":0,"19":0,"20":0,"21":0,"22":0,"23":0,"24":0,"25":0,"26":0,"29":0,"30":0,"31":0,"32":0,"33":0,"34":0,"35":0,"36":0},"branchMap":{"0":{"type":"branch","line":1,"loc":{"start":{"line":1,"column":1022},"end":{"line":37,"column":2}},"locations":[{"start":{"line":1,"column":1022},"end":{"line":37,"column":2}}]}},"b":{"0":[1]},"fnMap":{"0":{"name":"(empty-report)","decl":{"start":{"line":1,"column":1022},"end":{"line":37,"column":2}},"loc":{"start":{"line":1,"column":1022},"end":{"line":37,"column":2}},"line":1}},"f":{"0":1}}
,"C:\\Users\\piemr\\source\\repos\\uww-muhendislik\\apps\\api\\src\\__test__\\data\\project.data.ts": {"path":"C:\\Users\\piemr\\source\\repos\\uww-muhendislik\\apps\\api\\src\\__test__\\data\\project.data.ts","all":false,"statementMap":{"3":{"start":{"line":4,"column":0},"end":{"line":4,"column":50}},"4":{"start":{"line":5,"column":0},"end":{"line":5,"column":2}},"5":{"start":{"line":6,"column":0},"end":{"line":6,"column":36}},"6":{"start":{"line":7,"column":0},"end":{"line":7,"column":60}},"7":{"start":{"line":8,"column":0},"end":{"line":8,"column":3}},"8":{"start":{"line":9,"column":0},"end":{"line":9,"column":2}},"9":{"start":{"line":10,"column":0},"end":{"line":10,"column":36}},"10":{"start":{"line":11,"column":0},"end":{"line":11,"column":65}},"11":{"start":{"line":12,"column":0},"end":{"line":12,"column":3}},"12":{"start":{"line":13,"column":0},"end":{"line":13,"column":2}},"13":{"start":{"line":14,"column":0},"end":{"line":14,"column":35}},"14":{"start":{"line":15,"column":0},"end":{"line":15,"column":70}},"15":{"start":{"line":16,"column":0},"end":{"line":16,"column":3}},"16":{"start":{"line":17,"column":0},"end":{"line":17,"column":2}},"19":{"start":{"line":20,"column":0},"end":{"line":20,"column":56}},"20":{"start":{"line":21,"column":0},"end":{"line":21,"column":2}},"21":{"start":{"line":22,"column":0},"end":{"line":22,"column":39}},"22":{"start":{"line":23,"column":0},"end":{"line":23,"column":74}},"23":{"start":{"line":24,"column":0},"end":{"line":24,"column":3}},"24":{"start":{"line":25,"column":0},"end":{"line":25,"column":2}},"25":{"start":{"line":26,"column":0},"end":{"line":26,"column":39}},"26":{"start":{"line":27,"column":0},"end":{"line":27,"column":79}},"27":{"start":{"line":28,"column":0},"end":{"line":28,"column":3}},"28":{"start":{"line":29,"column":0},"end":{"line":29,"column":2}},"29":{"start":{"line":30,"column":0},"end":{"line":30,"column":38}},"30":{"start":{"line":31,"column":0},"end":{"line":31,"column":84}},"31":{"start":{"line":32,"column":0},"end":{"line":32,"column":3}},"32":{"start":{"line":33,"column":0},"end":{"line":33,"column":2}},"35":{"start":{"line":36,"column":0},"end":{"line":36,"column":50}},"36":{"start":{"line":37,"column":0},"end":{"line":37,"column":2}},"37":{"start":{"line":38,"column":0},"end":{"line":38,"column":30}},"38":{"start":{"line":39,"column":0},"end":{"line":39,"column":16}},"39":{"start":{"line":40,"column":0},"end":{"line":40,"column":3}},"40":{"start":{"line":41,"column":0},"end":{"line":41,"column":2}},"41":{"start":{"line":42,"column":0},"end":{"line":42,"column":30}},"42":{"start":{"line":43,"column":0},"end":{"line":43,"column":18}},"43":{"start":{"line":44,"column":0},"end":{"line":44,"column":3}},"44":{"start":{"line":45,"column":0},"end":{"line":45,"column":2}},"45":{"start":{"line":46,"column":0},"end":{"line":46,"column":30}},"46":{"start":{"line":47,"column":0},"end":{"line":47,"column":20}},"47":{"start":{"line":48,"column":0},"end":{"line":48,"column":3}},"48":{"start":{"line":49,"column":0},"end":{"line":49,"column":2}},"51":{"start":{"line":52,"column":0},"end":{"line":52,"column":52}},"52":{"start":{"line":53,"column":0},"end":{"line":53,"column":2}},"53":{"start":{"line":54,"column":0},"end":{"line":54,"column":36}},"54":{"start":{"line":55,"column":0},"end":{"line":55,"column":3}},"55":{"start":{"line":56,"column":0},"end":{"line":56,"column":2}},"56":{"start":{"line":57,"column":0},"end":{"line":57,"column":36}},"57":{"start":{"line":58,"column":0},"end":{"line":58,"column":3}},"58":{"start":{"line":59,"column":0},"end":{"line":59,"column":2}},"59":{"start":{"line":60,"column":0},"end":{"line":60,"column":36}},"60":{"start":{"line":61,"column":0},"end":{"line":61,"column":3}},"61":{"start":{"line":62,"column":0},"end":{"line":62,"column":2}}},"s":{"3":1,"4":1,"5":1,"6":1,"7":1,"8":1,"9":1,"10":1,"11":1,"12":1,"13":1,"14":1,"15":1,"16":1,"19":1,"20":1,"21":1,"22":1,"23":1,"24":1,"25":1,"26":1,"27":1,"28":1,"29":1,"30":1,"31":1,"32":1,"35":1,"36":1,"37":1,"38":1,"39":1,"40":1,"41":1,"42":1,"43":1,"44":1,"45":1,"46":1,"47":1,"48":1,"51":1,"52":1,"53":1,"54":1,"55":1,"56":1,"57":1,"58":1,"59":1,"60":1,"61":1},"branchMap":{},"b":{},"fnMap":{},"f":{}}
,"C:\\Users\\piemr\\source\\repos\\uww-muhendislik\\apps\\api\\src\\__test__\\data\\task-log.data.ts": {"path":"C:\\Users\\piemr\\source\\repos\\uww-muhendislik\\apps\\api\\src\\__test__\\data\\task-log.data.ts","all":true,"statementMap":{"3":{"start":{"line":4,"column":0},"end":{"line":4,"column":47}},"4":{"start":{"line":5,"column":0},"end":{"line":5,"column":2}},"5":{"start":{"line":6,"column":0},"end":{"line":6,"column":25}},"6":{"start":{"line":7,"column":0},"end":{"line":7,"column":33}},"7":{"start":{"line":8,"column":0},"end":{"line":8,"column":3}},"8":{"start":{"line":9,"column":0},"end":{"line":9,"column":2}},"9":{"start":{"line":10,"column":0},"end":{"line":10,"column":20}},"10":{"start":{"line":11,"column":0},"end":{"line":11,"column":18}},"11":{"start":{"line":12,"column":0},"end":{"line":12,"column":3}},"12":{"start":{"line":13,"column":0},"end":{"line":13,"column":2}},"13":{"start":{"line":14,"column":0},"end":{"line":14,"column":41}},"14":{"start":{"line":15,"column":0},"end":{"line":15,"column":3}},"15":{"start":{"line":16,"column":0},"end":{"line":16,"column":2}},"18":{"start":{"line":19,"column":0},"end":{"line":19,"column":44}},"19":{"start":{"line":20,"column":0},"end":{"line":20,"column":2}},"20":{"start":{"line":21,"column":0},"end":{"line":21,"column":64}},"21":{"start":{"line":22,"column":0},"end":{"line":22,"column":20}},"22":{"start":{"line":23,"column":0},"end":{"line":23,"column":28}},"23":{"start":{"line":24,"column":0},"end":{"line":24,"column":27}},"24":{"start":{"line":25,"column":0},"end":{"line":25,"column":73}},"25":{"start":{"line":26,"column":0},"end":{"line":26,"column":12}},"26":{"start":{"line":27,"column":0},"end":{"line":27,"column":24}},"27":{"start":{"line":28,"column":0},"end":{"line":28,"column":32}},"28":{"start":{"line":29,"column":0},"end":{"line":29,"column":4}},"29":{"start":{"line":30,"column":0},"end":{"line":30,"column":3}},"30":{"start":{"line":31,"column":0},"end":{"line":31,"column":2}},"31":{"start":{"line":32,"column":0},"end":{"line":32,"column":35}},"32":{"start":{"line":33,"column":0},"end":{"line":33,"column":27}},"33":{"start":{"line":34,"column":0},"end":{"line":34,"column":32}},"34":{"start":{"line":35,"column":0},"end":{"line":35,"column":25}},"35":{"start":{"line":36,"column":0},"end":{"line":36,"column":40}},"36":{"start":{"line":37,"column":0},"end":{"line":37,"column":14}},"37":{"start":{"line":38,"column":0},"end":{"line":38,"column":3}},"38":{"start":{"line":39,"column":0},"end":{"line":39,"column":2}},"39":{"start":{"line":40,"column":0},"end":{"line":40,"column":35}},"40":{"start":{"line":41,"column":0},"end":{"line":41,"column":29}},"41":{"start":{"line":42,"column":0},"end":{"line":42,"column":26}},"42":{"start":{"line":43,"column":0},"end":{"line":43,"column":22}},"43":{"start":{"line":44,"column":0},"end":{"line":44,"column":40}},"44":{"start":{"line":45,"column":0},"end":{"line":45,"column":14}},"45":{"start":{"line":46,"column":0},"end":{"line":46,"column":3}},"46":{"start":{"line":47,"column":0},"end":{"line":47,"column":2}},"47":{"start":{"line":48,"column":0},"end":{"line":48,"column":35}},"48":{"start":{"line":49,"column":0},"end":{"line":49,"column":21}},"49":{"start":{"line":50,"column":0},"end":{"line":50,"column":47}},"50":{"start":{"line":51,"column":0},"end":{"line":51,"column":42}},"51":{"start":{"line":52,"column":0},"end":{"line":52,"column":40}},"52":{"start":{"line":53,"column":0},"end":{"line":53,"column":14}},"53":{"start":{"line":54,"column":0},"end":{"line":54,"column":3}},"54":{"start":{"line":55,"column":0},"end":{"line":55,"column":2}}},"s":{"3":0,"4":0,"5":0,"6":0,"7":0,"8":0,"9":0,"10":0,"11":0,"12":0,"13":0,"14":0,"15":0,"18":0,"19":0,"20":0,"21":0,"22":0,"23":0,"24":0,"25":0,"26":0,"27":0,"28":0,"29":0,"30":0,"31":0,"32":0,"33":0,"34":0,"35":0,"36":0,"37":0,"38":0,"39":0,"40":0,"41":0,"42":0,"43":0,"44":0,"45":0,"46":0,"47":0,"48":0,"49":0,"50":0,"51":0,"52":0,"53":0,"54":0},"branchMap":{"0":{"type":"branch","line":1,"loc":{"start":{"line":1,"column":1403},"end":{"line":55,"column":2}},"locations":[{"start":{"line":1,"column":1403},"end":{"line":55,"column":2}}]}},"b":{"0":[1]},"fnMap":{"0":{"name":"(empty-report)","decl":{"start":{"line":1,"column":1403},"end":{"line":55,"column":2}},"loc":{"start":{"line":1,"column":1403},"end":{"line":55,"column":2}},"line":1}},"f":{"0":1}}
,"C:\\Users\\piemr\\source\\repos\\uww-muhendislik\\apps\\api\\src\\__test__\\data\\task.data.ts": {"path":"C:\\Users\\piemr\\source\\repos\\uww-muhendislik\\apps\\api\\src\\__test__\\data\\task.data.ts","all":false,"statementMap":{"3":{"start":{"line":4,"column":0},"end":{"line":4,"column":44}},"4":{"start":{"line":5,"column":0},"end":{"line":5,"column":2}},"5":{"start":{"line":6,"column":0},"end":{"line":6,"column":27}},"6":{"start":{"line":7,"column":0},"end":{"line":7,"column":63}},"7":{"start":{"line":8,"column":0},"end":{"line":8,"column":20}},"8":{"start":{"line":9,"column":0},"end":{"line":9,"column":21}},"9":{"start":{"line":10,"column":0},"end":{"line":10,"column":74}},"10":{"start":{"line":11,"column":0},"end":{"line":11,"column":3}},"11":{"start":{"line":12,"column":0},"end":{"line":12,"column":2}},"12":{"start":{"line":13,"column":0},"end":{"line":13,"column":26}},"13":{"start":{"line":14,"column":0},"end":{"line":14,"column":60}},"14":{"start":{"line":15,"column":0},"end":{"line":15,"column":24}},"15":{"start":{"line":16,"column":0},"end":{"line":16,"column":19}},"16":{"start":{"line":17,"column":0},"end":{"line":17,"column":41}},"17":{"start":{"line":18,"column":0},"end":{"line":18,"column":3}},"18":{"start":{"line":19,"column":0},"end":{"line":19,"column":2}},"19":{"start":{"line":20,"column":0},"end":{"line":20,"column":32}},"20":{"start":{"line":21,"column":0},"end":{"line":21,"column":55}},"21":{"start":{"line":22,"column":0},"end":{"line":22,"column":22}},"22":{"start":{"line":23,"column":0},"end":{"line":23,"column":18}},"23":{"start":{"line":24,"column":0},"end":{"line":24,"column":41}},"24":{"start":{"line":25,"column":0},"end":{"line":25,"column":3}},"25":{"start":{"line":26,"column":0},"end":{"line":26,"column":2}},"28":{"start":{"line":29,"column":0},"end":{"line":29,"column":50}},"29":{"start":{"line":30,"column":0},"end":{"line":30,"column":2}},"30":{"start":{"line":31,"column":0},"end":{"line":31,"column":41}},"31":{"start":{"line":32,"column":0},"end":{"line":32,"column":72}},"32":{"start":{"line":33,"column":0},"end":{"line":33,"column":3}},"33":{"start":{"line":34,"column":0},"end":{"line":34,"column":2}},"34":{"start":{"line":35,"column":0},"end":{"line":35,"column":40}},"35":{"start":{"line":36,"column":0},"end":{"line":36,"column":76}},"36":{"start":{"line":37,"column":0},"end":{"line":37,"column":3}},"37":{"start":{"line":38,"column":0},"end":{"line":38,"column":2}},"38":{"start":{"line":39,"column":0},"end":{"line":39,"column":46}},"39":{"start":{"line":40,"column":0},"end":{"line":40,"column":84}},"40":{"start":{"line":41,"column":0},"end":{"line":41,"column":3}},"41":{"start":{"line":42,"column":0},"end":{"line":42,"column":2}},"44":{"start":{"line":45,"column":0},"end":{"line":45,"column":88}},"47":{"start":{"line":48,"column":0},"end":{"line":48,"column":78}}},"s":{"3":1,"4":1,"5":1,"6":1,"7":1,"8":1,"9":1,"10":1,"11":1,"12":1,"13":1,"14":1,"15":1,"16":1,"17":1,"18":1,"19":1,"20":1,"21":1,"22":1,"23":1,"24":1,"25":1,"28":1,"29":1,"30":1,"31":1,"32":1,"33":1,"34":1,"35":1,"36":1,"37":1,"38":1,"39":1,"40":1,"41":1,"44":1,"47":1},"branchMap":{},"b":{},"fnMap":{},"f":{}}
,"C:\\Users\\piemr\\source\\repos\\uww-muhendislik\\apps\\api\\src\\__test__\\data\\user.data.ts": {"path":"C:\\Users\\piemr\\source\\repos\\uww-muhendislik\\apps\\api\\src\\__test__\\data\\user.data.ts","all":false,"statementMap":{"3":{"start":{"line":4,"column":0},"end":{"line":4,"column":50}},"4":{"start":{"line":5,"column":0},"end":{"line":5,"column":2}},"5":{"start":{"line":6,"column":0},"end":{"line":6,"column":21}},"6":{"start":{"line":7,"column":0},"end":{"line":7,"column":21}},"7":{"start":{"line":8,"column":0},"end":{"line":8,"column":36}},"8":{"start":{"line":9,"column":0},"end":{"line":9,"column":24}},"9":{"start":{"line":10,"column":0},"end":{"line":10,"column":3}},"10":{"start":{"line":11,"column":0},"end":{"line":11,"column":2}},"11":{"start":{"line":12,"column":0},"end":{"line":12,"column":20}},"12":{"start":{"line":13,"column":0},"end":{"line":13,"column":20}},"13":{"start":{"line":14,"column":0},"end":{"line":14,"column":34}},"14":{"start":{"line":15,"column":0},"end":{"line":15,"column":25}},"15":{"start":{"line":16,"column":0},"end":{"line":16,"column":3}},"16":{"start":{"line":17,"column":0},"end":{"line":17,"column":2}},"17":{"start":{"line":18,"column":0},"end":{"line":18,"column":22}},"18":{"start":{"line":19,"column":0},"end":{"line":19,"column":19}},"19":{"start":{"line":20,"column":0},"end":{"line":20,"column":35}},"20":{"start":{"line":21,"column":0},"end":{"line":21,"column":26}},"21":{"start":{"line":22,"column":0},"end":{"line":22,"column":3}},"22":{"start":{"line":23,"column":0},"end":{"line":23,"column":2}},"25":{"start":{"line":26,"column":0},"end":{"line":26,"column":44}},"26":{"start":{"line":27,"column":0},"end":{"line":27,"column":2}},"27":{"start":{"line":28,"column":0},"end":{"line":28,"column":36}},"28":{"start":{"line":29,"column":0},"end":{"line":29,"column":24}},"29":{"start":{"line":30,"column":0},"end":{"line":30,"column":3}},"30":{"start":{"line":31,"column":0},"end":{"line":31,"column":2}},"31":{"start":{"line":32,"column":0},"end":{"line":32,"column":34}},"32":{"start":{"line":33,"column":0},"end":{"line":33,"column":25}},"33":{"start":{"line":34,"column":0},"end":{"line":34,"column":3}},"34":{"start":{"line":35,"column":0},"end":{"line":35,"column":2}},"35":{"start":{"line":36,"column":0},"end":{"line":36,"column":35}},"36":{"start":{"line":37,"column":0},"end":{"line":37,"column":26}},"37":{"start":{"line":38,"column":0},"end":{"line":38,"column":3}},"38":{"start":{"line":39,"column":0},"end":{"line":39,"column":2}},"41":{"start":{"line":42,"column":0},"end":{"line":42,"column":60}},"42":{"start":{"line":43,"column":0},"end":{"line":43,"column":2}},"43":{"start":{"line":44,"column":0},"end":{"line":44,"column":26}},"44":{"start":{"line":45,"column":0},"end":{"line":45,"column":26}},"45":{"start":{"line":46,"column":0},"end":{"line":46,"column":3}},"46":{"start":{"line":47,"column":0},"end":{"line":47,"column":2}},"47":{"start":{"line":48,"column":0},"end":{"line":48,"column":25}},"48":{"start":{"line":49,"column":0},"end":{"line":49,"column":25}},"49":{"start":{"line":50,"column":0},"end":{"line":50,"column":3}},"50":{"start":{"line":51,"column":0},"end":{"line":51,"column":2}},"51":{"start":{"line":52,"column":0},"end":{"line":52,"column":27}},"52":{"start":{"line":53,"column":0},"end":{"line":53,"column":24}},"53":{"start":{"line":54,"column":0},"end":{"line":54,"column":3}},"54":{"start":{"line":55,"column":0},"end":{"line":55,"column":2}}},"s":{"3":1,"4":1,"5":1,"6":1,"7":1,"8":1,"9":1,"10":1,"11":1,"12":1,"13":1,"14":1,"15":1,"16":1,"17":1,"18":1,"19":1,"20":1,"21":1,"22":1,"25":1,"26":1,"27":1,"28":1,"29":1,"30":1,"31":1,"32":1,"33":1,"34":1,"35":1,"36":1,"37":1,"38":1,"41":1,"42":1,"43":1,"44":1,"45":1,"46":1,"47":1,"48":1,"49":1,"50":1,"51":1,"52":1,"53":1,"54":1},"branchMap":{},"b":{},"fnMap":{},"f":{}}
,"C:\\Users\\piemr\\source\\repos\\uww-muhendislik\\apps\\api\\src\\__test__\\utils\\auth.util.ts": {"path":"C:\\Users\\piemr\\source\\repos\\uww-muhendislik\\apps\\api\\src\\__test__\\utils\\auth.util.ts","all":false,"statementMap":{"0":{"start":{"line":1,"column":0},"end":{"line":1,"column":32}},"1":{"start":{"line":2,"column":0},"end":{"line":2,"column":28}},"4":{"start":{"line":5,"column":0},"end":{"line":5,"column":57}},"5":{"start":{"line":6,"column":0},"end":{"line":6,"column":6}},"7":{"start":{"line":8,"column":0},"end":{"line":8,"column":84}},"9":{"start":{"line":10,"column":0},"end":{"line":10,"column":75}},"10":{"start":{"line":11,"column":0},"end":{"line":11,"column":90}},"11":{"start":{"line":12,"column":0},"end":{"line":12,"column":3}},"14":{"start":{"line":15,"column":0},"end":{"line":15,"column":73}},"15":{"start":{"line":16,"column":0},"end":{"line":16,"column":21}},"16":{"start":{"line":17,"column":0},"end":{"line":17,"column":27}},"17":{"start":{"line":18,"column":0},"end":{"line":18,"column":5}},"19":{"start":{"line":20,"column":0},"end":{"line":20,"column":37}},"20":{"start":{"line":21,"column":0},"end":{"line":21,"column":88}},"21":{"start":{"line":22,"column":0},"end":{"line":22,"column":3}},"23":{"start":{"line":24,"column":0},"end":{"line":24,"column":45}},"24":{"start":{"line":25,"column":0},"end":{"line":25,"column":18}},"25":{"start":{"line":26,"column":0},"end":{"line":26,"column":44}},"26":{"start":{"line":27,"column":0},"end":{"line":27,"column":14}},"27":{"start":{"line":28,"column":0},"end":{"line":28,"column":2}},"28":{"start":{"line":29,"column":0},"end":{"line":29,"column":2}}},"s":{"0":1,"1":1,"4":1,"5":22,"7":22,"9":22,"10":0,"11":0,"14":22,"15":22,"16":22,"17":22,"19":22,"20":0,"21":0,"23":22,"24":22,"25":0,"26":0,"27":0,"28":22},"branchMap":{"0":{"type":"branch","line":5,"loc":{"start":{"line":5,"column":25},"end":{"line":29,"column":2}},"locations":[{"start":{"line":5,"column":25},"end":{"line":29,"column":2}}]},"1":{"type":"branch","line":10,"loc":{"start":{"line":10,"column":34},"end":{"line":10,"column":74}},"locations":[{"start":{"line":10,"column":34},"end":{"line":10,"column":74}}]},"2":{"type":"branch","line":10,"loc":{"start":{"line":10,"column":74},"end":{"line":12,"column":3}},"locations":[{"start":{"line":10,"column":74},"end":{"line":12,"column":3}}]},"3":{"type":"branch","line":20,"loc":{"start":{"line":20,"column":36},"end":{"line":22,"column":3}},"locations":[{"start":{"line":20,"column":36},"end":{"line":22,"column":3}}]},"4":{"type":"branch","line":25,"loc":{"start":{"line":25,"column":1},"end":{"line":28,"column":2}},"locations":[{"start":{"line":25,"column":1},"end":{"line":28,"column":2}}]}},"b":{"0":[22],"1":[0],"2":[0],"3":[0],"4":[0]},"fnMap":{"0":{"name":"setupUser","decl":{"start":{"line":5,"column":25},"end":{"line":29,"column":2}},"loc":{"start":{"line":5,"column":25},"end":{"line":29,"column":2}},"line":5}},"f":{"0":22}}
,"C:\\Users\\piemr\\source\\repos\\uww-muhendislik\\apps\\api\\src\\__test__\\utils\\project.util.ts": {"path":"C:\\Users\\piemr\\source\\repos\\uww-muhendislik\\apps\\api\\src\\__test__\\utils\\project.util.ts","all":false,"statementMap":{"0":{"start":{"line":1,"column":0},"end":{"line":1,"column":48}},"1":{"start":{"line":2,"column":0},"end":{"line":2,"column":32}},"2":{"start":{"line":3,"column":0},"end":{"line":3,"column":28}},"4":{"start":{"line":5,"column":0},"end":{"line":5,"column":57}},"6":{"start":{"line":7,"column":0},"end":{"line":7,"column":55}},"7":{"start":{"line":8,"column":0},"end":{"line":8,"column":6}},"8":{"start":{"line":9,"column":0},"end":{"line":9,"column":37}},"9":{"start":{"line":10,"column":0},"end":{"line":10,"column":25}},"10":{"start":{"line":11,"column":0},"end":{"line":11,"column":43}},"11":{"start":{"line":12,"column":0},"end":{"line":12,"column":31}},"13":{"start":{"line":14,"column":0},"end":{"line":14,"column":48}},"14":{"start":{"line":15,"column":0},"end":{"line":15,"column":82}},"15":{"start":{"line":16,"column":0},"end":{"line":16,"column":3}},"17":{"start":{"line":18,"column":0},"end":{"line":18,"column":42}},"18":{"start":{"line":19,"column":0},"end":{"line":19,"column":18}},"19":{"start":{"line":20,"column":0},"end":{"line":20,"column":48}},"20":{"start":{"line":21,"column":0},"end":{"line":21,"column":14}},"21":{"start":{"line":22,"column":0},"end":{"line":22,"column":2}},"22":{"start":{"line":23,"column":0},"end":{"line":23,"column":2}},"24":{"start":{"line":25,"column":0},"end":{"line":25,"column":105}},"25":{"start":{"line":26,"column":0},"end":{"line":26,"column":6}},"26":{"start":{"line":27,"column":0},"end":{"line":27,"column":37}},"27":{"start":{"line":28,"column":0},"end":{"line":28,"column":45}},"28":{"start":{"line":29,"column":0},"end":{"line":29,"column":43}},"29":{"start":{"line":30,"column":0},"end":{"line":30,"column":26}},"31":{"start":{"line":32,"column":0},"end":{"line":32,"column":43}},"32":{"start":{"line":33,"column":0},"end":{"line":33,"column":82}},"33":{"start":{"line":34,"column":0},"end":{"line":34,"column":3}},"35":{"start":{"line":36,"column":0},"end":{"line":36,"column":45}},"36":{"start":{"line":37,"column":0},"end":{"line":37,"column":18}},"37":{"start":{"line":38,"column":0},"end":{"line":38,"column":45}},"38":{"start":{"line":39,"column":0},"end":{"line":39,"column":14}},"39":{"start":{"line":40,"column":0},"end":{"line":40,"column":2}},"40":{"start":{"line":41,"column":0},"end":{"line":41,"column":2}},"42":{"start":{"line":43,"column":0},"end":{"line":43,"column":75}},"43":{"start":{"line":44,"column":0},"end":{"line":44,"column":6}},"44":{"start":{"line":45,"column":0},"end":{"line":45,"column":37}},"45":{"start":{"line":46,"column":0},"end":{"line":46,"column":39}},"46":{"start":{"line":47,"column":0},"end":{"line":47,"column":43}},"47":{"start":{"line":48,"column":0},"end":{"line":48,"column":26}},"49":{"start":{"line":50,"column":0},"end":{"line":50,"column":43}},"50":{"start":{"line":51,"column":0},"end":{"line":51,"column":85}},"51":{"start":{"line":52,"column":0},"end":{"line":52,"column":3}},"53":{"start":{"line":54,"column":0},"end":{"line":54,"column":47}},"54":{"start":{"line":55,"column":0},"end":{"line":55,"column":18}},"55":{"start":{"line":56,"column":0},"end":{"line":56,"column":47}},"56":{"start":{"line":57,"column":0},"end":{"line":57,"column":14}},"57":{"start":{"line":58,"column":0},"end":{"line":58,"column":2}},"58":{"start":{"line":59,"column":0},"end":{"line":59,"column":2}}},"s":{"0":1,"1":1,"2":1,"4":1,"6":1,"7":16,"8":16,"9":16,"10":16,"11":16,"13":16,"14":0,"15":0,"17":16,"18":16,"19":0,"20":0,"21":0,"22":16,"24":1,"25":2,"26":2,"27":2,"28":2,"29":2,"31":2,"32":0,"33":0,"35":2,"36":2,"37":0,"38":0,"39":0,"40":2,"42":1,"43":1,"44":1,"45":1,"46":1,"47":1,"49":1,"50":0,"51":0,"53":1,"54":1,"55":0,"56":0,"57":0,"58":1},"branchMap":{"0":{"type":"branch","line":7,"loc":{"start":{"line":7,"column":29},"end":{"line":23,"column":2}},"locations":[{"start":{"line":7,"column":29},"end":{"line":23,"column":2}}]},"1":{"type":"branch","line":14,"loc":{"start":{"line":14,"column":47},"end":{"line":16,"column":3}},"locations":[{"start":{"line":14,"column":47},"end":{"line":16,"column":3}}]},"2":{"type":"branch","line":19,"loc":{"start":{"line":19,"column":1},"end":{"line":22,"column":2}},"locations":[{"start":{"line":19,"column":1},"end":{"line":22,"column":2}}]},"3":{"type":"branch","line":25,"loc":{"start":{"line":25,"column":26},"end":{"line":41,"column":2}},"locations":[{"start":{"line":25,"column":26},"end":{"line":41,"column":2}}]},"4":{"type":"branch","line":32,"loc":{"start":{"line":32,"column":42},"end":{"line":34,"column":3}},"locations":[{"start":{"line":32,"column":42},"end":{"line":34,"column":3}}]},"5":{"type":"branch","line":37,"loc":{"start":{"line":37,"column":1},"end":{"line":40,"column":2}},"locations":[{"start":{"line":37,"column":1},"end":{"line":40,"column":2}}]},"6":{"type":"branch","line":43,"loc":{"start":{"line":43,"column":28},"end":{"line":59,"column":2}},"locations":[{"start":{"line":43,"column":28},"end":{"line":59,"column":2}}]},"7":{"type":"branch","line":50,"loc":{"start":{"line":50,"column":42},"end":{"line":52,"column":3}},"locations":[{"start":{"line":50,"column":42},"end":{"line":52,"column":3}}]},"8":{"type":"branch","line":55,"loc":{"start":{"line":55,"column":1},"end":{"line":58,"column":2}},"locations":[{"start":{"line":55,"column":1},"end":{"line":58,"column":2}}]}},"b":{"0":[16],"1":[0],"2":[0],"3":[2],"4":[0],"5":[0],"6":[1],"7":[0],"8":[0]},"fnMap":{"0":{"name":"createProject","decl":{"start":{"line":7,"column":29},"end":{"line":23,"column":2}},"loc":{"start":{"line":7,"column":29},"end":{"line":23,"column":2}},"line":7},"1":{"name":"sendInvite","decl":{"start":{"line":25,"column":26},"end":{"line":41,"column":2}},"loc":{"start":{"line":25,"column":26},"end":{"line":41,"column":2}},"line":25},"2":{"name":"acceptInvite","decl":{"start":{"line":43,"column":28},"end":{"line":59,"column":2}},"loc":{"start":{"line":43,"column":28},"end":{"line":59,"column":2}},"line":43}},"f":{"0":16,"1":2,"2":1}}
,"C:\\Users\\piemr\\source\\repos\\uww-muhendislik\\apps\\api\\src\\__test__\\utils\\task.util.ts": {"path":"C:\\Users\\piemr\\source\\repos\\uww-muhendislik\\apps\\api\\src\\__test__\\utils\\task.util.ts","all":false,"statementMap":{"0":{"start":{"line":1,"column":0},"end":{"line":1,"column":48}},"1":{"start":{"line":2,"column":0},"end":{"line":2,"column":32}},"2":{"start":{"line":3,"column":0},"end":{"line":3,"column":28}},"4":{"start":{"line":5,"column":0},"end":{"line":5,"column":51}},"6":{"start":{"line":7,"column":0},"end":{"line":7,"column":91}},"7":{"start":{"line":8,"column":0},"end":{"line":8,"column":6}},"8":{"start":{"line":9,"column":0},"end":{"line":9,"column":37}},"9":{"start":{"line":10,"column":0},"end":{"line":10,"column":44}},"10":{"start":{"line":11,"column":0},"end":{"line":11,"column":43}},"11":{"start":{"line":12,"column":0},"end":{"line":12,"column":47}},"13":{"start":{"line":14,"column":0},"end":{"line":14,"column":32}},"14":{"start":{"line":15,"column":0},"end":{"line":15,"column":82}},"15":{"start":{"line":16,"column":0},"end":{"line":16,"column":3}},"17":{"start":{"line":18,"column":0},"end":{"line":18,"column":39}},"18":{"start":{"line":19,"column":0},"end":{"line":19,"column":18}},"19":{"start":{"line":20,"column":0},"end":{"line":20,"column":45}},"20":{"start":{"line":21,"column":0},"end":{"line":21,"column":14}},"21":{"start":{"line":22,"column":0},"end":{"line":22,"column":2}},"22":{"start":{"line":23,"column":0},"end":{"line":23,"column":2}},"24":{"start":{"line":25,"column":0},"end":{"line":25,"column":117}},"25":{"start":{"line":26,"column":0},"end":{"line":26,"column":6}},"27":{"start":{"line":28,"column":0},"end":{"line":28,"column":37}},"28":{"start":{"line":29,"column":0},"end":{"line":29,"column":60}},"29":{"start":{"line":30,"column":0},"end":{"line":30,"column":43}},"30":{"start":{"line":31,"column":0},"end":{"line":31,"column":21}},"32":{"start":{"line":33,"column":0},"end":{"line":33,"column":43}},"33":{"start":{"line":34,"column":0},"end":{"line":34,"column":90}},"34":{"start":{"line":35,"column":0},"end":{"line":35,"column":3}},"36":{"start":{"line":37,"column":0},"end":{"line":37,"column":47}},"37":{"start":{"line":38,"column":0},"end":{"line":38,"column":18}},"38":{"start":{"line":39,"column":0},"end":{"line":39,"column":52}},"39":{"start":{"line":40,"column":0},"end":{"line":40,"column":14}},"40":{"start":{"line":41,"column":0},"end":{"line":41,"column":2}},"41":{"start":{"line":42,"column":0},"end":{"line":42,"column":2}}},"s":{"0":1,"1":1,"2":1,"4":1,"6":1,"7":8,"8":8,"9":8,"10":8,"11":8,"13":8,"14":0,"15":0,"17":8,"18":8,"19":0,"20":0,"21":0,"22":8,"24":1,"25":1,"27":1,"28":1,"29":1,"30":1,"32":1,"33":0,"34":0,"36":1,"37":1,"38":0,"39":0,"40":0,"41":1},"branchMap":{"0":{"type":"branch","line":7,"loc":{"start":{"line":7,"column":26},"end":{"line":23,"column":2}},"locations":[{"start":{"line":7,"column":26},"end":{"line":23,"column":2}}]},"1":{"type":"branch","line":14,"loc":{"start":{"line":14,"column":31},"end":{"line":16,"column":3}},"locations":[{"start":{"line":14,"column":31},"end":{"line":16,"column":3}}]},"2":{"type":"branch","line":19,"loc":{"start":{"line":19,"column":1},"end":{"line":22,"column":2}},"locations":[{"start":{"line":19,"column":1},"end":{"line":22,"column":2}}]},"3":{"type":"branch","line":25,"loc":{"start":{"line":25,"column":32},"end":{"line":42,"column":2}},"locations":[{"start":{"line":25,"column":32},"end":{"line":42,"column":2}}]},"4":{"type":"branch","line":33,"loc":{"start":{"line":33,"column":42},"end":{"line":35,"column":3}},"locations":[{"start":{"line":33,"column":42},"end":{"line":35,"column":3}}]},"5":{"type":"branch","line":38,"loc":{"start":{"line":38,"column":1},"end":{"line":41,"column":2}},"locations":[{"start":{"line":38,"column":1},"end":{"line":41,"column":2}}]}},"b":{"0":[8],"1":[0],"2":[0],"3":[1],"4":[0],"5":[0]},"fnMap":{"0":{"name":"createTask","decl":{"start":{"line":7,"column":26},"end":{"line":23,"column":2}},"loc":{"start":{"line":7,"column":26},"end":{"line":23,"column":2}},"line":7},"1":{"name":"updateTaskStatus","decl":{"start":{"line":25,"column":32},"end":{"line":42,"column":2}},"loc":{"start":{"line":25,"column":32},"end":{"line":42,"column":2}},"line":25}},"f":{"0":8,"1":1}}
,"C:\\Users\\piemr\\source\\repos\\uww-muhendislik\\apps\\api\\src\\config\\config.ts": {"path":"C:\\Users\\piemr\\source\\repos\\uww-muhendislik\\apps\\api\\src\\config\\config.ts","all":false,"statementMap":{"0":{"start":{"line":1,"column":0},"end":{"line":1,"column":28}},"3":{"start":{"line":4,"column":0},"end":{"line":4,"column":53}},"4":{"start":{"line":5,"column":0},"end":{"line":5,"column":53}},"22":{"start":{"line":23,"column":0},"end":{"line":23,"column":24}},"23":{"start":{"line":24,"column":0},"end":{"line":24,"column":40}},"24":{"start":{"line":25,"column":0},"end":{"line":25,"column":48}},"25":{"start":{"line":26,"column":0},"end":{"line":26,"column":45}},"26":{"start":{"line":27,"column":0},"end":{"line":27,"column":50}},"27":{"start":{"line":28,"column":0},"end":{"line":28,"column":79}},"28":{"start":{"line":29,"column":0},"end":{"line":29,"column":54}},"29":{"start":{"line":30,"column":0},"end":{"line":30,"column":83}},"30":{"start":{"line":31,"column":0},"end":{"line":31,"column":45}},"31":{"start":{"line":32,"column":0},"end":{"line":32,"column":35}},"33":{"start":{"line":34,"column":0},"end":{"line":34,"column":39}},"34":{"start":{"line":35,"column":0},"end":{"line":35,"column":48}},"35":{"start":{"line":36,"column":0},"end":{"line":36,"column":39}},"36":{"start":{"line":37,"column":0},"end":{"line":37,"column":39}},"37":{"start":{"line":38,"column":0},"end":{"line":38,"column":2}},"39":{"start":{"line":40,"column":0},"end":{"line":40,"column":22}}},"s":{"0":1,"3":1,"4":1,"22":1,"23":1,"24":1,"25":1,"26":1,"27":1,"28":1,"29":1,"30":1,"31":1,"33":1,"34":1,"35":1,"36":1,"37":1,"39":1},"branchMap":{"0":{"type":"branch","line":5,"loc":{"start":{"line":5,"column":22},"end":{"line":5,"column":43}},"locations":[{"start":{"line":5,"column":22},"end":{"line":5,"column":43}}]},"1":{"type":"branch","line":24,"loc":{"start":{"line":24,"column":30},"end":{"line":24,"column":40}},"locations":[{"start":{"line":24,"column":30},"end":{"line":24,"column":40}}]},"2":{"type":"branch","line":25,"loc":{"start":{"line":25,"column":10},"end":{"line":25,"column":48}},"locations":[{"start":{"line":25,"column":10},"end":{"line":25,"column":48}}]},"3":{"type":"branch","line":26,"loc":{"start":{"line":26,"column":26},"end":{"line":26,"column":45}},"locations":[{"start":{"line":26,"column":26},"end":{"line":26,"column":45}}]},"4":{"type":"branch","line":27,"loc":{"start":{"line":27,"column":28},"end":{"line":27,"column":50}},"locations":[{"start":{"line":27,"column":28},"end":{"line":27,"column":50}}]},"5":{"type":"branch","line":28,"loc":{"start":{"line":28,"column":32},"end":{"line":28,"column":79}},"locations":[{"start":{"line":28,"column":32},"end":{"line":28,"column":79}}]},"6":{"type":"branch","line":29,"loc":{"start":{"line":29,"column":30},"end":{"line":29,"column":54}},"locations":[{"start":{"line":29,"column":30},"end":{"line":29,"column":54}}]},"7":{"type":"branch","line":30,"loc":{"start":{"line":30,"column":34},"end":{"line":30,"column":83}},"locations":[{"start":{"line":30,"column":34},"end":{"line":30,"column":83}}]},"8":{"type":"branch","line":31,"loc":{"start":{"line":31,"column":26},"end":{"line":31,"column":45}},"locations":[{"start":{"line":31,"column":26},"end":{"line":31,"column":45}}]},"9":{"type":"branch","line":32,"loc":{"start":{"line":32,"column":21},"end":{"line":32,"column":35}},"locations":[{"start":{"line":32,"column":21},"end":{"line":32,"column":35}}]},"10":{"type":"branch","line":34,"loc":{"start":{"line":34,"column":23},"end":{"line":34,"column":39}},"locations":[{"start":{"line":34,"column":23},"end":{"line":34,"column":39}}]},"11":{"type":"branch","line":35,"loc":{"start":{"line":35,"column":39},"end":{"line":35,"column":48}},"locations":[{"start":{"line":35,"column":39},"end":{"line":35,"column":48}}]},"12":{"type":"branch","line":36,"loc":{"start":{"line":36,"column":23},"end":{"line":36,"column":39}},"locations":[{"start":{"line":36,"column":23},"end":{"line":36,"column":39}}]},"13":{"type":"branch","line":37,"loc":{"start":{"line":37,"column":23},"end":{"line":37,"column":39}},"locations":[{"start":{"line":37,"column":23},"end":{"line":37,"column":39}}]}},"b":{"0":[0],"1":[0],"2":[0],"3":[0],"4":[0],"5":[0],"6":[0],"7":[0],"8":[0],"9":[0],"10":[0],"11":[0],"12":[0],"13":[0]},"fnMap":{},"f":{}}
,"C:\\Users\\piemr\\source\\repos\\uww-muhendislik\\apps\\api\\src\\config\\socket.ts": {"path":"C:\\Users\\piemr\\source\\repos\\uww-muhendislik\\apps\\api\\src\\config\\socket.ts","all":false,"statementMap":{"1":{"start":{"line":2,"column":0},"end":{"line":2,"column":35}},"2":{"start":{"line":3,"column":0},"end":{"line":3,"column":79}},"3":{"start":{"line":4,"column":0},"end":{"line":4,"column":77}},"4":{"start":{"line":5,"column":0},"end":{"line":5,"column":30}},"5":{"start":{"line":6,"column":0},"end":{"line":6,"column":15}},"7":{"start":{"line":8,"column":0},"end":{"line":8,"column":53}},"8":{"start":{"line":9,"column":0},"end":{"line":9,"column":26}},"9":{"start":{"line":10,"column":0},"end":{"line":10,"column":9}},"10":{"start":{"line":11,"column":0},"end":{"line":11,"column":15}},"11":{"start":{"line":12,"column":0},"end":{"line":12,"column":4}},"12":{"start":{"line":13,"column":0},"end":{"line":13,"column":4}},"14":{"start":{"line":15,"column":0},"end":{"line":15,"column":30}},"15":{"start":{"line":16,"column":0},"end":{"line":16,"column":31}},"16":{"start":{"line":17,"column":0},"end":{"line":17,"column":2}},"18":{"start":{"line":19,"column":0},"end":{"line":19,"column":28}},"19":{"start":{"line":20,"column":0},"end":{"line":20,"column":33}},"20":{"start":{"line":21,"column":0},"end":{"line":21,"column":14}},"21":{"start":{"line":22,"column":0},"end":{"line":22,"column":2}},"22":{"start":{"line":23,"column":0},"end":{"line":23,"column":11}},"23":{"start":{"line":24,"column":0},"end":{"line":24,"column":47}},"24":{"start":{"line":25,"column":0},"end":{"line":25,"column":2}},"25":{"start":{"line":26,"column":0},"end":{"line":26,"column":11}},"26":{"start":{"line":27,"column":0},"end":{"line":27,"column":2}}},"s":{"1":1,"2":1,"3":1,"4":1,"5":1,"7":1,"8":0,"9":0,"10":0,"11":0,"12":0,"14":0,"15":0,"16":0,"18":1,"19":12,"20":12,"21":12,"22":0,"23":0,"24":0,"25":0,"26":0},"branchMap":{"0":{"type":"branch","line":19,"loc":{"start":{"line":19,"column":21},"end":{"line":27,"column":2}},"locations":[{"start":{"line":19,"column":21},"end":{"line":27,"column":2}}]},"1":{"type":"branch","line":22,"loc":{"start":{"line":22,"column":1},"end":{"line":27,"column":2}},"locations":[{"start":{"line":22,"column":1},"end":{"line":27,"column":2}}]}},"b":{"0":[12],"1":[0]},"fnMap":{"0":{"name":"setupSocket","decl":{"start":{"line":8,"column":27},"end":{"line":17,"column":2}},"loc":{"start":{"line":8,"column":27},"end":{"line":17,"column":2}},"line":8},"1":{"name":"getIO","decl":{"start":{"line":19,"column":21},"end":{"line":27,"column":2}},"loc":{"start":{"line":19,"column":21},"end":{"line":27,"column":2}},"line":19}},"f":{"0":0,"1":12}}
,"C:\\Users\\piemr\\source\\repos\\uww-muhendislik\\apps\\api\\src\\controllers\\auth.controller.ts": {"path":"C:\\Users\\piemr\\source\\repos\\uww-muhendislik\\apps\\api\\src\\controllers\\auth.controller.ts","all":false,"statementMap":{"1":{"start":{"line":2,"column":0},"end":{"line":2,"column":48}},"2":{"start":{"line":3,"column":0},"end":{"line":3,"column":61}},"3":{"start":{"line":4,"column":0},"end":{"line":4,"column":109}},"4":{"start":{"line":5,"column":0},"end":{"line":5,"column":55}},"5":{"start":{"line":6,"column":0},"end":{"line":6,"column":64}},"7":{"start":{"line":8,"column":0},"end":{"line":8,"column":38}},"9":{"start":{"line":10,"column":0},"end":{"line":10,"column":75}},"10":{"start":{"line":11,"column":0},"end":{"line":11,"column":72}},"11":{"start":{"line":12,"column":0},"end":{"line":12,"column":71}},"12":{"start":{"line":13,"column":0},"end":{"line":13,"column":46}},"13":{"start":{"line":14,"column":0},"end":{"line":14,"column":3}},"15":{"start":{"line":16,"column":0},"end":{"line":16,"column":72}},"16":{"start":{"line":17,"column":0},"end":{"line":17,"column":69}},"17":{"start":{"line":18,"column":0},"end":{"line":18,"column":68}},"18":{"start":{"line":19,"column":0},"end":{"line":19,"column":41}},"19":{"start":{"line":20,"column":0},"end":{"line":20,"column":3}},"21":{"start":{"line":22,"column":0},"end":{"line":22,"column":81}},"22":{"start":{"line":23,"column":0},"end":{"line":23,"column":82}},"23":{"start":{"line":24,"column":0},"end":{"line":24,"column":41}},"24":{"start":{"line":25,"column":0},"end":{"line":25,"column":3}},"26":{"start":{"line":27,"column":0},"end":{"line":27,"column":84}},"27":{"start":{"line":28,"column":0},"end":{"line":28,"column":81}},"28":{"start":{"line":29,"column":0},"end":{"line":29,"column":53}},"29":{"start":{"line":30,"column":0},"end":{"line":30,"column":30}},"30":{"start":{"line":31,"column":0},"end":{"line":31,"column":25}},"31":{"start":{"line":32,"column":0},"end":{"line":32,"column":4}},"32":{"start":{"line":33,"column":0},"end":{"line":33,"column":41}},"33":{"start":{"line":34,"column":0},"end":{"line":34,"column":3}}},"s":{"1":1,"2":1,"3":1,"4":1,"5":1,"7":1,"9":1,"10":23,"11":23,"12":23,"13":23,"15":1,"16":23,"17":23,"18":23,"19":23,"21":1,"22":1,"23":1,"24":1,"26":1,"27":1,"28":1,"29":1,"30":1,"31":1,"32":1,"33":1},"branchMap":{"0":{"type":"branch","line":10,"loc":{"start":{"line":10,"column":35},"end":{"line":14,"column":3}},"locations":[{"start":{"line":10,"column":35},"end":{"line":14,"column":3}}]},"1":{"type":"branch","line":16,"loc":{"start":{"line":16,"column":32},"end":{"line":20,"column":3}},"locations":[{"start":{"line":16,"column":32},"end":{"line":20,"column":3}}]},"2":{"type":"branch","line":22,"loc":{"start":{"line":22,"column":41},"end":{"line":25,"column":3}},"locations":[{"start":{"line":22,"column":41},"end":{"line":25,"column":3}}]},"3":{"type":"branch","line":23,"loc":{"start":{"line":23,"column":69},"end":{"line":23,"column":79}},"locations":[{"start":{"line":23,"column":69},"end":{"line":23,"column":79}}]},"4":{"type":"branch","line":27,"loc":{"start":{"line":27,"column":44},"end":{"line":34,"column":3}},"locations":[{"start":{"line":27,"column":44},"end":{"line":34,"column":3}}]},"5":{"type":"branch","line":30,"loc":{"start":{"line":30,"column":20},"end":{"line":30,"column":30}},"locations":[{"start":{"line":30,"column":20},"end":{"line":30,"column":30}}]}},"b":{"0":[23],"1":[23],"2":[1],"3":[0],"4":[1],"5":[0]},"fnMap":{},"f":{}}
,"C:\\Users\\piemr\\source\\repos\\uww-muhendislik\\apps\\api\\src\\controllers\\notification.controller.ts": {"path":"C:\\Users\\piemr\\source\\repos\\uww-muhendislik\\apps\\api\\src\\controllers\\notification.controller.ts","all":false,"statementMap":{"1":{"start":{"line":2,"column":0},"end":{"line":2,"column":48}},"2":{"start":{"line":3,"column":0},"end":{"line":3,"column":71}},"4":{"start":{"line":5,"column":0},"end":{"line":5,"column":54}},"6":{"start":{"line":7,"column":0},"end":{"line":7,"column":72}},"7":{"start":{"line":8,"column":0},"end":{"line":8,"column":58}},"8":{"start":{"line":9,"column":0},"end":{"line":9,"column":30}},"9":{"start":{"line":10,"column":0},"end":{"line":10,"column":4}},"10":{"start":{"line":11,"column":0},"end":{"line":11,"column":39}},"11":{"start":{"line":12,"column":0},"end":{"line":12,"column":2}},"13":{"start":{"line":14,"column":0},"end":{"line":14,"column":78}},"14":{"start":{"line":15,"column":0},"end":{"line":15,"column":64}},"15":{"start":{"line":16,"column":0},"end":{"line":16,"column":30}},"16":{"start":{"line":17,"column":0},"end":{"line":17,"column":4}},"17":{"start":{"line":18,"column":0},"end":{"line":18,"column":39}},"18":{"start":{"line":19,"column":0},"end":{"line":19,"column":2}},"20":{"start":{"line":21,"column":0},"end":{"line":21,"column":66}},"21":{"start":{"line":22,"column":0},"end":{"line":22,"column":52}},"22":{"start":{"line":23,"column":0},"end":{"line":23,"column":30}},"23":{"start":{"line":24,"column":0},"end":{"line":24,"column":4}},"24":{"start":{"line":25,"column":0},"end":{"line":25,"column":39}},"25":{"start":{"line":26,"column":0},"end":{"line":26,"column":2}}},"s":{"1":1,"2":1,"4":1,"6":1,"7":1,"8":1,"9":1,"10":1,"11":1,"13":1,"14":1,"15":1,"16":1,"17":1,"18":1,"20":1,"21":1,"22":1,"23":1,"24":1,"25":1},"branchMap":{"0":{"type":"branch","line":7,"loc":{"start":{"line":7,"column":32},"end":{"line":12,"column":2}},"locations":[{"start":{"line":7,"column":32},"end":{"line":12,"column":2}}]},"1":{"type":"branch","line":9,"loc":{"start":{"line":9,"column":20},"end":{"line":9,"column":30}},"locations":[{"start":{"line":9,"column":20},"end":{"line":9,"column":30}}]},"2":{"type":"branch","line":14,"loc":{"start":{"line":14,"column":38},"end":{"line":19,"column":2}},"locations":[{"start":{"line":14,"column":38},"end":{"line":19,"column":2}}]},"3":{"type":"branch","line":16,"loc":{"start":{"line":16,"column":20},"end":{"line":16,"column":30}},"locations":[{"start":{"line":16,"column":20},"end":{"line":16,"column":30}}]},"4":{"type":"branch","line":21,"loc":{"start":{"line":21,"column":26},"end":{"line":26,"column":2}},"locations":[{"start":{"line":21,"column":26},"end":{"line":26,"column":2}}]},"5":{"type":"branch","line":23,"loc":{"start":{"line":23,"column":20},"end":{"line":23,"column":30}},"locations":[{"start":{"line":23,"column":20},"end":{"line":23,"column":30}}]}},"b":{"0":[1],"1":[0],"2":[1],"3":[0],"4":[1],"5":[0]},"fnMap":{"0":{"name":"getNotifications","decl":{"start":{"line":7,"column":32},"end":{"line":12,"column":2}},"loc":{"start":{"line":7,"column":32},"end":{"line":12,"column":2}},"line":7},"1":{"name":"getUnreadNotifications","decl":{"start":{"line":14,"column":38},"end":{"line":19,"column":2}},"loc":{"start":{"line":14,"column":38},"end":{"line":19,"column":2}},"line":14},"2":{"name":"markAsRead","decl":{"start":{"line":21,"column":26},"end":{"line":26,"column":2}},"loc":{"start":{"line":21,"column":26},"end":{"line":26,"column":2}},"line":21}},"f":{"0":1,"1":1,"2":1}}
,"C:\\Users\\piemr\\source\\repos\\uww-muhendislik\\apps\\api\\src\\controllers\\project.controller.ts": {"path":"C:\\Users\\piemr\\source\\repos\\uww-muhendislik\\apps\\api\\src\\controllers\\project.controller.ts","all":false,"statementMap":{"1":{"start":{"line":2,"column":0},"end":{"line":2,"column":48}},"2":{"start":{"line":3,"column":0},"end":{"line":3,"column":61}},"3":{"start":{"line":4,"column":0},"end":{"line":4,"column":8}},"11":{"start":{"line":12,"column":0},"end":{"line":12,"column":61}},"12":{"start":{"line":13,"column":0},"end":{"line":13,"column":64}},"14":{"start":{"line":15,"column":0},"end":{"line":15,"column":44}},"16":{"start":{"line":17,"column":0},"end":{"line":17,"column":80}},"17":{"start":{"line":18,"column":0},"end":{"line":18,"column":71}},"18":{"start":{"line":19,"column":0},"end":{"line":19,"column":52}},"19":{"start":{"line":20,"column":0},"end":{"line":20,"column":25}},"20":{"start":{"line":21,"column":0},"end":{"line":21,"column":30}},"21":{"start":{"line":22,"column":0},"end":{"line":22,"column":4}},"22":{"start":{"line":23,"column":0},"end":{"line":23,"column":46}},"23":{"start":{"line":24,"column":0},"end":{"line":24,"column":3}},"25":{"start":{"line":26,"column":0},"end":{"line":26,"column":80}},"26":{"start":{"line":27,"column":0},"end":{"line":27,"column":72}},"27":{"start":{"line":28,"column":0},"end":{"line":28,"column":69}},"28":{"start":{"line":29,"column":0},"end":{"line":29,"column":52}},"29":{"start":{"line":30,"column":0},"end":{"line":30,"column":25}},"30":{"start":{"line":31,"column":0},"end":{"line":31,"column":39}},"31":{"start":{"line":32,"column":0},"end":{"line":32,"column":30}},"32":{"start":{"line":33,"column":0},"end":{"line":33,"column":4}},"33":{"start":{"line":34,"column":0},"end":{"line":34,"column":30}},"34":{"start":{"line":35,"column":0},"end":{"line":35,"column":3}},"36":{"start":{"line":37,"column":0},"end":{"line":37,"column":77}},"37":{"start":{"line":38,"column":0},"end":{"line":38,"column":69}},"38":{"start":{"line":39,"column":0},"end":{"line":39,"column":49}},"39":{"start":{"line":40,"column":0},"end":{"line":40,"column":39}},"40":{"start":{"line":41,"column":0},"end":{"line":41,"column":30}},"41":{"start":{"line":42,"column":0},"end":{"line":42,"column":4}},"42":{"start":{"line":43,"column":0},"end":{"line":43,"column":41}},"43":{"start":{"line":44,"column":0},"end":{"line":44,"column":3}},"45":{"start":{"line":46,"column":0},"end":{"line":46,"column":78}},"46":{"start":{"line":47,"column":0},"end":{"line":47,"column":70}},"47":{"start":{"line":48,"column":0},"end":{"line":48,"column":41}},"48":{"start":{"line":49,"column":0},"end":{"line":49,"column":3}},"50":{"start":{"line":51,"column":0},"end":{"line":51,"column":77}},"51":{"start":{"line":52,"column":0},"end":{"line":52,"column":69}},"52":{"start":{"line":53,"column":0},"end":{"line":53,"column":69}},"53":{"start":{"line":54,"column":0},"end":{"line":54,"column":49}},"54":{"start":{"line":55,"column":0},"end":{"line":55,"column":39}},"55":{"start":{"line":56,"column":0},"end":{"line":56,"column":32}},"56":{"start":{"line":57,"column":0},"end":{"line":57,"column":30}},"57":{"start":{"line":58,"column":0},"end":{"line":58,"column":4}},"58":{"start":{"line":59,"column":0},"end":{"line":59,"column":41}},"59":{"start":{"line":60,"column":0},"end":{"line":60,"column":3}},"61":{"start":{"line":62,"column":0},"end":{"line":62,"column":79}},"62":{"start":{"line":63,"column":0},"end":{"line":63,"column":70}},"63":{"start":{"line":64,"column":0},"end":{"line":64,"column":80}},"64":{"start":{"line":65,"column":0},"end":{"line":65,"column":41}},"65":{"start":{"line":66,"column":0},"end":{"line":66,"column":3}},"67":{"start":{"line":68,"column":0},"end":{"line":68,"column":79}},"68":{"start":{"line":69,"column":0},"end":{"line":69,"column":72}},"69":{"start":{"line":70,"column":0},"end":{"line":70,"column":51}},"70":{"start":{"line":71,"column":0},"end":{"line":71,"column":39}},"71":{"start":{"line":72,"column":0},"end":{"line":72,"column":33}},"72":{"start":{"line":73,"column":0},"end":{"line":73,"column":4}},"73":{"start":{"line":74,"column":0},"end":{"line":74,"column":41}},"74":{"start":{"line":75,"column":0},"end":{"line":75,"column":3}},"76":{"start":{"line":77,"column":0},"end":{"line":77,"column":80}},"77":{"start":{"line":78,"column":0},"end":{"line":78,"column":69}},"78":{"start":{"line":79,"column":0},"end":{"line":79,"column":78}},"79":{"start":{"line":80,"column":0},"end":{"line":80,"column":41}},"80":{"start":{"line":81,"column":0},"end":{"line":81,"column":3}}},"s":{"1":1,"2":1,"3":1,"11":1,"12":1,"14":1,"16":1,"17":17,"18":17,"19":17,"20":17,"21":17,"22":17,"23":17,"25":1,"26":1,"27":1,"28":1,"29":1,"30":1,"31":1,"32":1,"33":1,"34":1,"36":1,"37":3,"38":3,"39":3,"40":3,"41":3,"42":2,"43":2,"45":1,"46":1,"47":1,"48":1,"50":1,"51":3,"52":3,"53":3,"54":3,"55":3,"56":3,"57":3,"58":3,"59":3,"61":1,"62":2,"63":2,"64":2,"65":2,"67":1,"68":1,"69":1,"70":1,"71":1,"72":1,"73":1,"74":1,"76":1,"77":1,"78":1,"79":1,"80":1},"branchMap":{"0":{"type":"branch","line":17,"loc":{"start":{"line":17,"column":40},"end":{"line":24,"column":3}},"locations":[{"start":{"line":17,"column":40},"end":{"line":24,"column":3}}]},"1":{"type":"branch","line":21,"loc":{"start":{"line":21,"column":20},"end":{"line":21,"column":30}},"locations":[{"start":{"line":21,"column":20},"end":{"line":21,"column":30}}]},"2":{"type":"branch","line":26,"loc":{"start":{"line":26,"column":40},"end":{"line":35,"column":3}},"locations":[{"start":{"line":26,"column":40},"end":{"line":35,"column":3}}]},"3":{"type":"branch","line":32,"loc":{"start":{"line":32,"column":20},"end":{"line":32,"column":30}},"locations":[{"start":{"line":32,"column":20},"end":{"line":32,"column":30}}]},"4":{"type":"branch","line":37,"loc":{"start":{"line":37,"column":37},"end":{"line":44,"column":3}},"locations":[{"start":{"line":37,"column":37},"end":{"line":44,"column":3}}]},"5":{"type":"branch","line":41,"loc":{"start":{"line":41,"column":20},"end":{"line":41,"column":30}},"locations":[{"start":{"line":41,"column":20},"end":{"line":41,"column":30}}]},"6":{"type":"branch","line":42,"loc":{"start":{"line":42,"column":2},"end":{"line":44,"column":3}},"locations":[{"start":{"line":42,"column":2},"end":{"line":44,"column":3}}]},"7":{"type":"branch","line":46,"loc":{"start":{"line":46,"column":38},"end":{"line":49,"column":3}},"locations":[{"start":{"line":46,"column":38},"end":{"line":49,"column":3}}]},"8":{"type":"branch","line":47,"loc":{"start":{"line":47,"column":59},"end":{"line":47,"column":68}},"locations":[{"start":{"line":47,"column":59},"end":{"line":47,"column":68}}]},"9":{"type":"branch","line":51,"loc":{"start":{"line":51,"column":37},"end":{"line":60,"column":3}},"locations":[{"start":{"line":51,"column":37},"end":{"line":60,"column":3}}]},"10":{"type":"branch","line":62,"loc":{"start":{"line":62,"column":39},"end":{"line":66,"column":3}},"locations":[{"start":{"line":62,"column":39},"end":{"line":66,"column":3}}]},"11":{"type":"branch","line":68,"loc":{"start":{"line":68,"column":39},"end":{"line":75,"column":3}},"locations":[{"start":{"line":68,"column":39},"end":{"line":75,"column":3}}]},"12":{"type":"branch","line":77,"loc":{"start":{"line":77,"column":40},"end":{"line":81,"column":3}},"locations":[{"start":{"line":77,"column":40},"end":{"line":81,"column":3}}]}},"b":{"0":[17],"1":[0],"2":[1],"3":[0],"4":[3],"5":[0],"6":[2],"7":[1],"8":[0],"9":[3],"10":[2],"11":[1],"12":[1]},"fnMap":{},"f":{}}
,"C:\\Users\\piemr\\source\\repos\\uww-muhendislik\\apps\\api\\src\\controllers\\task-logs.controller.ts": {"path":"C:\\Users\\piemr\\source\\repos\\uww-muhendislik\\apps\\api\\src\\controllers\\task-logs.controller.ts","all":false,"statementMap":{"1":{"start":{"line":2,"column":0},"end":{"line":2,"column":48}},"2":{"start":{"line":3,"column":0},"end":{"line":3,"column":61}},"3":{"start":{"line":4,"column":0},"end":{"line":4,"column":69}},"4":{"start":{"line":5,"column":0},"end":{"line":5,"column":62}},"5":{"start":{"line":6,"column":0},"end":{"line":6,"column":64}},"7":{"start":{"line":8,"column":0},"end":{"line":8,"column":44}},"9":{"start":{"line":10,"column":0},"end":{"line":10,"column":78}},"10":{"start":{"line":11,"column":0},"end":{"line":11,"column":77}},"11":{"start":{"line":12,"column":0},"end":{"line":12,"column":52}},"12":{"start":{"line":13,"column":0},"end":{"line":13,"column":39}},"13":{"start":{"line":14,"column":0},"end":{"line":14,"column":33}},"14":{"start":{"line":15,"column":0},"end":{"line":15,"column":30}},"15":{"start":{"line":16,"column":0},"end":{"line":16,"column":4}},"16":{"start":{"line":17,"column":0},"end":{"line":17,"column":43}},"17":{"start":{"line":18,"column":0},"end":{"line":18,"column":3}}},"s":{"1":1,"2":1,"3":1,"4":1,"5":1,"7":1,"9":1,"10":1,"11":1,"12":1,"13":1,"14":1,"15":1,"16":1,"17":1},"branchMap":{"0":{"type":"branch","line":10,"loc":{"start":{"line":10,"column":38},"end":{"line":18,"column":3}},"locations":[{"start":{"line":10,"column":38},"end":{"line":18,"column":3}}]},"1":{"type":"branch","line":15,"loc":{"start":{"line":15,"column":20},"end":{"line":15,"column":30}},"locations":[{"start":{"line":15,"column":20},"end":{"line":15,"column":30}}]}},"b":{"0":[1],"1":[0]},"fnMap":{},"f":{}}
,"C:\\Users\\piemr\\source\\repos\\uww-muhendislik\\apps\\api\\src\\controllers\\task.controller.ts": {"path":"C:\\Users\\piemr\\source\\repos\\uww-muhendislik\\apps\\api\\src\\controllers\\task.controller.ts","all":false,"statementMap":{"1":{"start":{"line":2,"column":0},"end":{"line":2,"column":48}},"2":{"start":{"line":3,"column":0},"end":{"line":3,"column":61}},"3":{"start":{"line":4,"column":0},"end":{"line":4,"column":54}},"4":{"start":{"line":5,"column":0},"end":{"line":5,"column":60}},"5":{"start":{"line":6,"column":0},"end":{"line":6,"column":8}},"12":{"start":{"line":13,"column":0},"end":{"line":13,"column":55}},"13":{"start":{"line":14,"column":0},"end":{"line":14,"column":64}},"15":{"start":{"line":16,"column":0},"end":{"line":16,"column":38}},"17":{"start":{"line":18,"column":0},"end":{"line":18,"column":77}},"18":{"start":{"line":19,"column":0},"end":{"line":19,"column":68}},"19":{"start":{"line":20,"column":0},"end":{"line":20,"column":69}},"20":{"start":{"line":21,"column":0},"end":{"line":21,"column":46}},"21":{"start":{"line":22,"column":0},"end":{"line":22,"column":25}},"22":{"start":{"line":23,"column":0},"end":{"line":23,"column":39}},"23":{"start":{"line":24,"column":0},"end":{"line":24,"column":30}},"24":{"start":{"line":25,"column":0},"end":{"line":25,"column":4}},"25":{"start":{"line":26,"column":0},"end":{"line":26,"column":46}},"26":{"start":{"line":27,"column":0},"end":{"line":27,"column":3}},"28":{"start":{"line":29,"column":0},"end":{"line":29,"column":77}},"29":{"start":{"line":30,"column":0},"end":{"line":30,"column":69}},"30":{"start":{"line":31,"column":0},"end":{"line":31,"column":78}},"31":{"start":{"line":32,"column":0},"end":{"line":32,"column":46}},"32":{"start":{"line":33,"column":0},"end":{"line":33,"column":25}},"33":{"start":{"line":34,"column":0},"end":{"line":34,"column":39}},"34":{"start":{"line":35,"column":0},"end":{"line":35,"column":33}},"35":{"start":{"line":36,"column":0},"end":{"line":36,"column":30}},"36":{"start":{"line":37,"column":0},"end":{"line":37,"column":4}},"37":{"start":{"line":38,"column":0},"end":{"line":38,"column":41}},"38":{"start":{"line":39,"column":0},"end":{"line":39,"column":3}},"40":{"start":{"line":41,"column":0},"end":{"line":41,"column":74}},"41":{"start":{"line":42,"column":0},"end":{"line":42,"column":78}},"42":{"start":{"line":43,"column":0},"end":{"line":43,"column":43}},"43":{"start":{"line":44,"column":0},"end":{"line":44,"column":39}},"44":{"start":{"line":45,"column":0},"end":{"line":45,"column":33}},"45":{"start":{"line":46,"column":0},"end":{"line":46,"column":4}},"46":{"start":{"line":47,"column":0},"end":{"line":47,"column":41}},"47":{"start":{"line":48,"column":0},"end":{"line":48,"column":3}},"49":{"start":{"line":50,"column":0},"end":{"line":50,"column":75}},"50":{"start":{"line":51,"column":0},"end":{"line":51,"column":69}},"51":{"start":{"line":52,"column":0},"end":{"line":52,"column":44}},"52":{"start":{"line":53,"column":0},"end":{"line":53,"column":39}},"53":{"start":{"line":54,"column":0},"end":{"line":54,"column":4}},"54":{"start":{"line":55,"column":0},"end":{"line":55,"column":41}},"55":{"start":{"line":56,"column":0},"end":{"line":56,"column":3}},"57":{"start":{"line":58,"column":0},"end":{"line":58,"column":83}},"58":{"start":{"line":59,"column":0},"end":{"line":59,"column":78}},"59":{"start":{"line":60,"column":0},"end":{"line":60,"column":69}},"60":{"start":{"line":61,"column":0},"end":{"line":61,"column":52}},"61":{"start":{"line":62,"column":0},"end":{"line":62,"column":33}},"62":{"start":{"line":63,"column":0},"end":{"line":63,"column":39}},"63":{"start":{"line":64,"column":0},"end":{"line":64,"column":30}},"64":{"start":{"line":65,"column":0},"end":{"line":65,"column":34}},"65":{"start":{"line":66,"column":0},"end":{"line":66,"column":4}},"66":{"start":{"line":67,"column":0},"end":{"line":67,"column":41}},"67":{"start":{"line":68,"column":0},"end":{"line":68,"column":3}},"69":{"start":{"line":70,"column":0},"end":{"line":70,"column":85}},"70":{"start":{"line":71,"column":0},"end":{"line":71,"column":78}},"71":{"start":{"line":72,"column":0},"end":{"line":72,"column":65}},"73":{"start":{"line":74,"column":0},"end":{"line":74,"column":54}},"74":{"start":{"line":75,"column":0},"end":{"line":75,"column":33}},"75":{"start":{"line":76,"column":0},"end":{"line":76,"column":39}},"76":{"start":{"line":77,"column":0},"end":{"line":77,"column":30}},"77":{"start":{"line":78,"column":0},"end":{"line":78,"column":38}},"78":{"start":{"line":79,"column":0},"end":{"line":79,"column":4}},"79":{"start":{"line":80,"column":0},"end":{"line":80,"column":41}},"80":{"start":{"line":81,"column":0},"end":{"line":81,"column":3}},"82":{"start":{"line":83,"column":0},"end":{"line":83,"column":85}},"83":{"start":{"line":84,"column":0},"end":{"line":84,"column":78}},"84":{"start":{"line":85,"column":0},"end":{"line":85,"column":71}},"85":{"start":{"line":86,"column":0},"end":{"line":86,"column":54}},"86":{"start":{"line":87,"column":0},"end":{"line":87,"column":33}},"87":{"start":{"line":88,"column":0},"end":{"line":88,"column":39}},"88":{"start":{"line":89,"column":0},"end":{"line":89,"column":30}},"89":{"start":{"line":90,"column":0},"end":{"line":90,"column":38}},"90":{"start":{"line":91,"column":0},"end":{"line":91,"column":4}},"91":{"start":{"line":92,"column":0},"end":{"line":92,"column":41}},"92":{"start":{"line":93,"column":0},"end":{"line":93,"column":3}},"94":{"start":{"line":95,"column":0},"end":{"line":95,"column":77}},"95":{"start":{"line":96,"column":0},"end":{"line":96,"column":78}},"96":{"start":{"line":97,"column":0},"end":{"line":97,"column":46}},"97":{"start":{"line":98,"column":0},"end":{"line":98,"column":33}},"98":{"start":{"line":99,"column":0},"end":{"line":99,"column":39}},"99":{"start":{"line":100,"column":0},"end":{"line":100,"column":4}},"100":{"start":{"line":101,"column":0},"end":{"line":101,"column":41}},"101":{"start":{"line":102,"column":0},"end":{"line":102,"column":3}}},"s":{"1":1,"2":1,"3":1,"4":1,"5":1,"12":1,"13":1,"15":1,"17":1,"18":9,"19":9,"20":9,"21":9,"22":9,"23":9,"24":9,"25":9,"26":9,"28":1,"29":1,"30":1,"31":1,"32":1,"33":1,"34":1,"35":1,"36":1,"37":1,"38":1,"40":1,"41":1,"42":1,"43":1,"44":1,"45":1,"46":1,"47":1,"49":1,"50":1,"51":1,"52":1,"53":1,"54":1,"55":1,"57":1,"58":2,"59":2,"60":2,"61":2,"62":2,"63":2,"64":2,"65":2,"66":2,"67":2,"69":1,"70":0,"71":0,"73":0,"74":0,"75":0,"76":0,"77":0,"78":0,"79":0,"80":0,"82":1,"83":0,"84":0,"85":0,"86":0,"87":0,"88":0,"89":0,"90":0,"91":0,"92":0,"94":1,"95":0,"96":0,"97":0,"98":0,"99":0,"100":0,"101":0},"branchMap":{"0":{"type":"branch","line":18,"loc":{"start":{"line":18,"column":37},"end":{"line":27,"column":3}},"locations":[{"start":{"line":18,"column":37},"end":{"line":27,"column":3}}]},"1":{"type":"branch","line":24,"loc":{"start":{"line":24,"column":20},"end":{"line":24,"column":30}},"locations":[{"start":{"line":24,"column":20},"end":{"line":24,"column":30}}]},"2":{"type":"branch","line":29,"loc":{"start":{"line":29,"column":37},"end":{"line":39,"column":3}},"locations":[{"start":{"line":29,"column":37},"end":{"line":39,"column":3}}]},"3":{"type":"branch","line":36,"loc":{"start":{"line":36,"column":20},"end":{"line":36,"column":30}},"locations":[{"start":{"line":36,"column":20},"end":{"line":36,"column":30}}]},"4":{"type":"branch","line":41,"loc":{"start":{"line":41,"column":34},"end":{"line":48,"column":3}},"locations":[{"start":{"line":41,"column":34},"end":{"line":48,"column":3}}]},"5":{"type":"branch","line":50,"loc":{"start":{"line":50,"column":35},"end":{"line":56,"column":3}},"locations":[{"start":{"line":50,"column":35},"end":{"line":56,"column":3}}]},"6":{"type":"branch","line":58,"loc":{"start":{"line":58,"column":43},"end":{"line":68,"column":3}},"locations":[{"start":{"line":58,"column":43},"end":{"line":68,"column":3}}]},"7":{"type":"branch","line":64,"loc":{"start":{"line":64,"column":20},"end":{"line":64,"column":30}},"locations":[{"start":{"line":64,"column":20},"end":{"line":64,"column":30}}]}},"b":{"0":[9],"1":[0],"2":[1],"3":[0],"4":[1],"5":[1],"6":[2],"7":[0]},"fnMap":{},"f":{}}
,"C:\\Users\\piemr\\source\\repos\\uww-muhendislik\\apps\\api\\src\\error\\app-error.ts": {"path":"C:\\Users\\piemr\\source\\repos\\uww-muhendislik\\apps\\api\\src\\error\\app-error.ts","all":false,"statementMap":{"3":{"start":{"line":4,"column":0},"end":{"line":4,"column":37}},"4":{"start":{"line":5,"column":0},"end":{"line":5,"column":20}},"6":{"start":{"line":7,"column":0},"end":{"line":7,"column":49}},"7":{"start":{"line":8,"column":0},"end":{"line":8,"column":17}},"8":{"start":{"line":9,"column":0},"end":{"line":9,"column":31}},"9":{"start":{"line":10,"column":0},"end":{"line":10,"column":36}},"10":{"start":{"line":11,"column":0},"end":{"line":11,"column":50}},"11":{"start":{"line":12,"column":0},"end":{"line":12,"column":2}},"12":{"start":{"line":13,"column":0},"end":{"line":13,"column":1}}},"s":{"3":1,"4":1,"6":1,"7":1,"8":1,"9":1,"10":1,"11":1,"12":1},"branchMap":{"0":{"type":"branch","line":4,"loc":{"start":{"line":4,"column":36},"end":{"line":13,"column":1}},"locations":[{"start":{"line":4,"column":36},"end":{"line":13,"column":1}}]},"1":{"type":"branch","line":7,"loc":{"start":{"line":7,"column":1},"end":{"line":12,"column":2}},"locations":[{"start":{"line":7,"column":1},"end":{"line":12,"column":2}}]}},"b":{"0":[1],"1":[1]},"fnMap":{"0":{"name":"<instance_members_initializer>","decl":{"start":{"line":4,"column":36},"end":{"line":13,"column":1}},"loc":{"start":{"line":4,"column":36},"end":{"line":13,"column":1}},"line":4},"1":{"name":"AppError","decl":{"start":{"line":7,"column":1},"end":{"line":12,"column":2}},"loc":{"start":{"line":7,"column":1},"end":{"line":12,"column":2}},"line":7}},"f":{"0":1,"1":1}}
,"C:\\Users\\piemr\\source\\repos\\uww-muhendislik\\apps\\api\\src\\error\\error-messages.ts": {"path":"C:\\Users\\piemr\\source\\repos\\uww-muhendislik\\apps\\api\\src\\error\\error-messages.ts","all":false,"statementMap":{"0":{"start":{"line":1,"column":0},"end":{"line":1,"column":30}},"1":{"start":{"line":2,"column":0},"end":{"line":2,"column":50}},"2":{"start":{"line":3,"column":0},"end":{"line":3,"column":34}},"3":{"start":{"line":4,"column":0},"end":{"line":4,"column":40}},"4":{"start":{"line":5,"column":0},"end":{"line":5,"column":44}},"5":{"start":{"line":6,"column":0},"end":{"line":6,"column":39}},"6":{"start":{"line":7,"column":0},"end":{"line":7,"column":36}},"7":{"start":{"line":8,"column":0},"end":{"line":8,"column":34}},"9":{"start":{"line":10,"column":0},"end":{"line":10,"column":59}},"10":{"start":{"line":11,"column":0},"end":{"line":11,"column":59}},"11":{"start":{"line":12,"column":0},"end":{"line":12,"column":61}},"12":{"start":{"line":13,"column":0},"end":{"line":13,"column":80}},"13":{"start":{"line":14,"column":0},"end":{"line":14,"column":63}},"14":{"start":{"line":15,"column":0},"end":{"line":15,"column":32}},"15":{"start":{"line":16,"column":0},"end":{"line":16,"column":2}}},"s":{"0":1,"1":1,"2":1,"3":1,"4":1,"5":1,"6":1,"7":1,"9":1,"10":1,"11":1,"12":1,"13":1,"14":1,"15":1},"branchMap":{},"b":{},"fnMap":{},"f":{}}
,"C:\\Users\\piemr\\source\\repos\\uww-muhendislik\\apps\\api\\src\\handlers\\async-error.handler.ts": {"path":"C:\\Users\\piemr\\source\\repos\\uww-muhendislik\\apps\\api\\src\\handlers\\async-error.handler.ts","all":false,"statementMap":{"2":{"start":{"line":3,"column":0},"end":{"line":3,"column":110}},"3":{"start":{"line":4,"column":0},"end":{"line":4,"column":62}},"4":{"start":{"line":5,"column":0},"end":{"line":5,"column":50}},"5":{"start":{"line":6,"column":0},"end":{"line":6,"column":3}},"6":{"start":{"line":7,"column":0},"end":{"line":7,"column":2}}},"s":{"2":1,"3":125,"4":160,"5":160,"6":125},"branchMap":{"0":{"type":"branch","line":3,"loc":{"start":{"line":3,"column":26},"end":{"line":7,"column":2}},"locations":[{"start":{"line":3,"column":26},"end":{"line":7,"column":2}}]},"1":{"type":"branch","line":4,"loc":{"start":{"line":4,"column":8},"end":{"line":6,"column":3}},"locations":[{"start":{"line":4,"column":8},"end":{"line":6,"column":3}}]}},"b":{"0":[125],"1":[160]},"fnMap":{"0":{"name":"catchAsync","decl":{"start":{"line":3,"column":26},"end":{"line":7,"column":2}},"loc":{"start":{"line":3,"column":26},"end":{"line":7,"column":2}},"line":3}},"f":{"0":125}}
,"C:\\Users\\piemr\\source\\repos\\uww-muhendislik\\apps\\api\\src\\handlers\\global-error.handler.ts": {"path":"C:\\Users\\piemr\\source\\repos\\uww-muhendislik\\apps\\api\\src\\handlers\\global-error.handler.ts","all":false,"statementMap":{"1":{"start":{"line":2,"column":0},"end":{"line":2,"column":31}},"2":{"start":{"line":3,"column":0},"end":{"line":3,"column":46}},"3":{"start":{"line":4,"column":0},"end":{"line":4,"column":56}},"4":{"start":{"line":5,"column":0},"end":{"line":5,"column":53}},"6":{"start":{"line":7,"column":0},"end":{"line":7,"column":100}},"8":{"start":{"line":9,"column":0},"end":{"line":9,"column":31}},"9":{"start":{"line":10,"column":0},"end":{"line":10,"column":27}},"10":{"start":{"line":11,"column":0},"end":{"line":11,"column":9}},"11":{"start":{"line":12,"column":0},"end":{"line":12,"column":2}},"13":{"start":{"line":14,"column":0},"end":{"line":14,"column":67}},"14":{"start":{"line":15,"column":0},"end":{"line":15,"column":68}},"16":{"start":{"line":17,"column":0},"end":{"line":17,"column":30}},"17":{"start":{"line":18,"column":0},"end":{"line":18,"column":10}},"18":{"start":{"line":19,"column":0},"end":{"line":19,"column":82}},"19":{"start":{"line":20,"column":0},"end":{"line":20,"column":70}},"20":{"start":{"line":21,"column":0},"end":{"line":21,"column":4}},"21":{"start":{"line":22,"column":0},"end":{"line":22,"column":2}}},"s":{"1":1,"2":1,"3":1,"4":1,"6":1,"8":1,"9":0,"10":0,"11":0,"13":1,"14":1,"16":1,"17":1,"18":1,"19":1,"20":1,"21":1},"branchMap":{"0":{"type":"branch","line":7,"loc":{"start":{"line":7,"column":34},"end":{"line":22,"column":2}},"locations":[{"start":{"line":7,"column":34},"end":{"line":22,"column":2}}]},"1":{"type":"branch","line":9,"loc":{"start":{"line":9,"column":30},"end":{"line":12,"column":2}},"locations":[{"start":{"line":9,"column":30},"end":{"line":12,"column":2}}]},"2":{"type":"branch","line":14,"loc":{"start":{"line":14,"column":50},"end":{"line":14,"column":67}},"locations":[{"start":{"line":14,"column":50},"end":{"line":14,"column":67}}]},"3":{"type":"branch","line":15,"loc":{"start":{"line":15,"column":21},"end":{"line":15,"column":68}},"locations":[{"start":{"line":15,"column":21},"end":{"line":15,"column":68}}]},"4":{"type":"branch","line":19,"loc":{"start":{"line":19,"column":36},"end":{"line":19,"column":82}},"locations":[{"start":{"line":19,"column":36},"end":{"line":19,"column":82}}]},"5":{"type":"branch","line":20,"loc":{"start":{"line":20,"column":31},"end":{"line":20,"column":70}},"locations":[{"start":{"line":20,"column":31},"end":{"line":20,"column":70}}]}},"b":{"0":[1],"1":[0],"2":[0],"3":[0],"4":[0],"5":[0]},"fnMap":{"0":{"name":"globalErrorHandler","decl":{"start":{"line":7,"column":34},"end":{"line":22,"column":2}},"loc":{"start":{"line":7,"column":34},"end":{"line":22,"column":2}},"line":7}},"f":{"0":1}}
[...]
17,"column":2}},"318":{"start":{"line":319,"column":0},"end":{"line":319,"column":33}},"323":{"start":{"line":324,"column":0},"end":{"line":324,"column":36}},"324":{"start":{"line":325,"column":0},"end":{"line":325,"column":81}},"325":{"start":{"line":326,"column":0},"end":{"line":326,"column":14}},"326":{"start":{"line":327,"column":0},"end":{"line":327,"column":57}},"327":{"start":{"line":328,"column":0},"end":{"line":328,"column":3}},"329":{"start":{"line":330,"column":0},"end":{"line":330,"column":57}},"330":{"start":{"line":331,"column":0},"end":{"line":331,"column":17}},"331":{"start":{"line":332,"column":0},"end":{"line":332,"column":60}},"332":{"start":{"line":333,"column":0},"end":{"line":333,"column":3}},"334":{"start":{"line":335,"column":0},"end":{"line":335,"column":105}},"335":{"start":{"line":336,"column":0},"end":{"line":336,"column":21}},"336":{"start":{"line":337,"column":0},"end":{"line":337,"column":57}},"337":{"start":{"line":338,"column":0},"end":{"line":338,"column":3}},"339":{"start":{"line":340,"column":0},"end":{"line":340,"column":37}},"340":{"start":{"line":341,"column":0},"end":{"line":341,"column":10}},"341":{"start":{"line":342,"column":0},"end":{"line":342,"column":30}},"342":{"start":{"line":343,"column":0},"end":{"line":343,"column":54}},"343":{"start":{"line":344,"column":0},"end":{"line":344,"column":36}},"344":{"start":{"line":345,"column":0},"end":{"line":345,"column":38}},"345":{"start":{"line":346,"column":0},"end":{"line":346,"column":27}},"346":{"start":{"line":347,"column":0},"end":{"line":347,"column":14}},"347":{"start":{"line":348,"column":0},"end":{"line":348,"column":36}},"348":{"start":{"line":349,"column":0},"end":{"line":349,"column":6}},"349":{"start":{"line":350,"column":0},"end":{"line":350,"column":5}},"350":{"start":{"line":351,"column":0},"end":{"line":351,"column":5}},"352":{"start":{"line":353,"column":0},"end":{"line":353,"column":51}},"353":{"start":{"line":354,"column":0},"end":{"line":354,"column":43}},"354":{"start":{"line":355,"column":0},"end":{"line":355,"column":28}},"355":{"start":{"line":356,"column":0},"end":{"line":356,"column":30}},"356":{"start":{"line":357,"column":0},"end":{"line":357,"column":54}},"357":{"start":{"line":358,"column":0},"end":{"line":358,"column":33}},"358":{"start":{"line":359,"column":0},"end":{"line":359,"column":18}},"359":{"start":{"line":360,"column":0},"end":{"line":360,"column":26}},"360":{"start":{"line":361,"column":0},"end":{"line":361,"column":26}},"361":{"start":{"line":362,"column":0},"end":{"line":362,"column":7}},"362":{"start":{"line":363,"column":0},"end":{"line":363,"column":5}},"364":{"start":{"line":365,"column":0},"end":{"line":365,"column":52}},"365":{"start":{"line":366,"column":0},"end":{"line":366,"column":10}},"366":{"start":{"line":367,"column":0},"end":{"line":367,"column":28}},"367":{"start":{"line":368,"column":0},"end":{"line":368,"column":30}},"368":{"start":{"line":369,"column":0},"end":{"line":369,"column":54}},"369":{"start":{"line":370,"column":0},"end":{"line":370,"column":5}},"370":{"start":{"line":371,"column":0},"end":{"line":371,"column":5}},"371":{"start":{"line":372,"column":0},"end":{"line":372,"column":27}},"372":{"start":{"line":373,"column":0},"end":{"line":373,"column":2}},"373":{"start":{"line":374,"column":0},"end":{"line":374,"column":1}}},"s":{"0":1,"1":1,"2":1,"3":1,"4":1,"5":1,"6":1,"14":1,"15":1,"17":1,"18":5,"19":5,"21":5,"22":5,"23":5,"24":5,"26":5,"27":11,"29":11,"30":11,"31":11,"32":11,"33":1,"34":1,"36":11,"37":11,"38":11,"39":11,"41":11,"42":0,"43":0,"45":11,"46":11,"48":5,"49":1,"51":1,"52":1,"53":1,"55":1,"56":1,"57":1,"58":1,"59":1,"61":1,"62":1,"64":5,"65":9,"66":9,"67":0,"68":0,"70":9,"72":9,"73":0,"74":0,"76":9,"77":9,"78":9,"79":9,"80":9,"82":9,"83":9,"84":9,"85":9,"86":9,"87":9,"88":9,"89":9,"90":9,"92":9,"93":9,"94":9,"95":9,"96":9,"97":9,"98":9,"100":9,"101":9,"102":9,"103":9,"104":9,"105":9,"106":9,"107":9,"108":9,"109":9,"110":9,"111":9,"112":9,"113":9,"114":9,"115":9,"116":9,"117":9,"118":9,"119":9,"121":9,"122":9,"124":5,"129":1,"130":1,"131":1,"132":0,"133":0,"135":1,"136":1,"137":0,"138":0,"140":1,"141":1,"142":1,"143":1,"144":1,"145":1,"146":1,"147":1,"149":1,"150":1,"151":1,"152":1,"153":1,"154":1,"155":1,"156":1,"157":1,"158":1,"159":1,"161":1,"162":1,"163":1,"164":1,"165":1,"166":1,"167":1,"168":1,"169":1,"170":1,"171":1,"173":1,"174":1,"175":1,"176":1,"177":1,"178":1,"179":1,"181":1,"182":1,"184":5,"185":1,"186":1,"188":5,"189":1,"190":1,"192":5,"193":0,"194":0,"195":0,"196":0,"198":0,"200":0,"201":0,"203":5,"205":2,"206":2,"208":2,"209":0,"210":0,"212":2,"214":2,"215":0,"216":0,"218":2,"220":2,"221":0,"222":0,"224":2,"225":2,"226":2,"227":2,"228":2,"229":2,"230":2,"231":2,"232":2,"233":2,"234":2,"235":2,"237":2,"238":2,"239":2,"240":2,"241":2,"242":2,"243":2,"244":2,"245":2,"246":2,"247":2,"249":2,"250":2,"251":2,"252":2,"253":2,"254":2,"255":2,"257":2,"258":2,"260":5,"262":0,"263":0,"264":0,"265":0,"266":0,"267":0,"268":0,"269":0,"270":0,"272":0,"273":0,"274":0,"275":0,"276":0,"277":0,"278":0,"280":0,"282":0,"283":0,"284":0,"285":0,"286":0,"287":0,"288":0,"289":0,"290":0,"291":0,"292":0,"293":0,"295":0,"296":0,"297":0,"298":0,"299":0,"300":0,"301":0,"302":0,"303":0,"304":0,"305":0,"307":0,"308":0,"309":0,"310":0,"311":0,"312":0,"313":0,"315":0,"316":0,"318":5,"323":0,"324":0,"325":0,"326":0,"327":0,"329":0,"330":0,"331":0,"332":0,"334":0,"335":0,"336":0,"337":0,"339":0,"340":0,"341":0,"342":0,"343":0,"344":0,"345":0,"346":0,"347":0,"348":0,"349":0,"350":0,"352":0,"353":0,"354":0,"355":0,"356":0,"357":0,"358":0,"359":0,"360":0,"361":0,"362":0,"364":0,"365":0,"366":0,"367":0,"368":0,"369":0,"370":0,"371":0,"372":0,"373":5},"branchMap":{"0":{"type":"branch","line":18,"loc":{"start":{"line":18,"column":25},"end":{"line":374,"column":1}},"locations":[{"start":{"line":18,"column":25},"end":{"line":374,"column":1}}]},"1":{"type":"branch","line":22,"loc":{"start":{"line":22,"column":1},"end":{"line":25,"column":2}},"locations":[{"start":{"line":22,"column":1},"end":{"line":25,"column":2}}]},"2":{"type":"branch","line":27,"loc":{"start":{"line":27,"column":1},"end":{"line":47,"column":2}},"locations":[{"start":{"line":27,"column":1},"end":{"line":47,"column":2}}]},"3":{"type":"branch","line":33,"loc":{"start":{"line":33,"column":22},"end":{"line":35,"column":3}},"locations":[{"start":{"line":33,"column":22},"end":{"line":35,"column":3}}]},"4":{"type":"branch","line":42,"loc":{"start":{"line":42,"column":13},"end":{"line":44,"column":3}},"locations":[{"start":{"line":42,"column":13},"end":{"line":44,"column":3}}]},"5":{"type":"branch","line":49,"loc":{"start":{"line":49,"column":1},"end":{"line":63,"column":2}},"locations":[{"start":{"line":49,"column":1},"end":{"line":63,"column":2}}]},"6":{"type":"branch","line":65,"loc":{"start":{"line":65,"column":1},"end":{"line":123,"column":2}},"locations":[{"start":{"line":65,"column":1},"end":{"line":123,"column":2}}]},"7":{"type":"branch","line":67,"loc":{"start":{"line":67,"column":21},"end":{"line":69,"column":3}},"locations":[{"start":{"line":67,"column":21},"end":{"line":69,"column":3}}]},"8":{"type":"branch","line":73,"loc":{"start":{"line":73,"column":16},"end":{"line":75,"column":3}},"locations":[{"start":{"line":73,"column":16},"end":{"line":75,"column":3}}]},"9":{"type":"branch","line":84,"loc":{"start":{"line":84,"column":29},"end":{"line":90,"column":5}},"locations":[{"start":{"line":84,"column":29},"end":{"line":90,"column":5}}]},"10":{"type":"branch","line":125,"loc":{"start":{"line":125,"column":1},"end":{"line":183,"column":2}},"locations":[{"start":{"line":125,"column":1},"end":{"line":183,"column":2}}]},"11":{"type":"branch","line":132,"loc":{"start":{"line":132,"column":13},"end":{"line":134,"column":3}},"locations":[{"start":{"line":132,"column":13},"end":{"line":134,"column":3}}]},"12":{"type":"branch","line":137,"loc":{"start":{"line":137,"column":16},"end":{"line":139,"column":3}},"locations":[{"start":{"line":137,"column":16},"end":{"line":139,"column":3}}]},"13":{"type":"branch","line":163,"loc":{"start":{"line":163,"column":29},"end":{"line":171,"column":5}},"locations":[{"start":{"line":163,"column":29},"end":{"line":171,"column":5}}]},"14":{"type":"branch","line":185,"loc":{"start":{"line":185,"column":1},"end":{"line":187,"column":2}},"locations":[{"start":{"line":185,"column":1},"end":{"line":187,"column":2}}]},"15":{"type":"branch","line":189,"loc":{"start":{"line":189,"column":1},"end":{"line":191,"column":2}},"locations":[{"start":{"line":189,"column":1},"end":{"line":191,"column":2}}]},"16":{"type":"branch","line":204,"loc":{"start":{"line":204,"column":1},"end":{"line":259,"column":2}},"locations":[{"start":{"line":204,"column":1},"end":{"line":259,"column":2}}]},"17":{"type":"branch","line":209,"loc":{"start":{"line":209,"column":13},"end":{"line":211,"column":3}},"locations":[{"start":{"line":209,"column":13},"end":{"line":211,"column":3}}]},"18":{"type":"branch","line":215,"loc":{"start":{"line":215,"column":16},"end":{"line":217,"column":3}},"locations":[{"start":{"line":215,"column":16},"end":{"line":217,"column":3}}]},"19":{"type":"branch","line":221,"loc":{"start":{"line":221,"column":20},"end":{"line":223,"column":3}},"locations":[{"start":{"line":221,"column":20},"end":{"line":223,"column":3}}]},"20":{"type":"branch","line":239,"loc":{"start":{"line":239,"column":29},"end":{"line":247,"column":5}},"locations":[{"start":{"line":239,"column":29},"end":{"line":247,"column":5}}]}},"b":{"0":[5],"1":[5],"2":[11],"3":[1],"4":[0],"5":[1],"6":[9],"7":[0],"8":[0],"9":[9],"10":[1],"11":[0],"12":[0],"13":[1],"14":[1],"15":[1],"16":[2],"17":[0],"18":[0],"19":[0],"20":[2]},"fnMap":{"0":{"name":"<instance_members_initializer>","decl":{"start":{"line":18,"column":25},"end":{"line":374,"column":1}},"loc":{"start":{"line":18,"column":25},"end":{"line":374,"column":1}},"line":18},"1":{"name":"TaskService","decl":{"start":{"line":22,"column":1},"end":{"line":25,"column":2}},"loc":{"start":{"line":22,"column":1},"end":{"line":25,"column":2}},"line":22},"2":{"name":"findOneTask","decl":{"start":{"line":27,"column":1},"end":{"line":47,"column":2}},"loc":{"start":{"line":27,"column":1},"end":{"line":47,"column":2}},"line":27},"3":{"name":"findManyTask","decl":{"start":{"line":49,"column":1},"end":{"line":63,"column":2}},"loc":{"start":{"line":49,"column":1},"end":{"line":63,"column":2}},"line":49},"4":{"name":"createTask","decl":{"start":{"line":65,"column":1},"end":{"line":123,"column":2}},"loc":{"start":{"line":65,"column":1},"end":{"line":123,"column":2}},"line":65},"5":{"name":"updateTask","decl":{"start":{"line":125,"column":1},"end":{"line":183,"column":2}},"loc":{"start":{"line":125,"column":1},"end":{"line":183,"column":2}},"line":125},"6":{"name":"getTask","decl":{"start":{"line":185,"column":1},"end":{"line":187,"column":2}},"loc":{"start":{"line":185,"column":1},"end":{"line":187,"column":2}},"line":185},"7":{"name":"getTasks","decl":{"start":{"line":189,"column":1},"end":{"line":191,"column":2}},"loc":{"start":{"line":189,"column":1},"end":{"line":191,"column":2}},"line":189},"8":{"name":"deleteTask","decl":{"start":{"line":193,"column":1},"end":{"line":202,"column":2}},"loc":{"start":{"line":193,"column":1},"end":{"line":202,"column":2}},"line":193},"9":{"name":"updateTaskStatus","decl":{"start":{"line":204,"column":1},"end":{"line":259,"column":2}},"loc":{"start":{"line":204,"column":1},"end":{"line":259,"column":2}},"line":204},"10":{"name":"changeAssignedUser","decl":{"start":{"line":261,"column":1},"end":{"line":317,"column":2}},"loc":{"start":{"line":261,"column":1},"end":{"line":317,"column":2}},"line":261},"11":{"name":"changeTaskPriority","decl":{"start":{"line":319,"column":1},"end":{"line":373,"column":2}},"loc":{"start":{"line":319,"column":1},"end":{"line":373,"column":2}},"line":319}},"f":{"0":5,"1":5,"2":11,"3":1,"4":9,"5":1,"6":1,"7":1,"8":0,"9":2,"10":0,"11":0}}
,"C:\\Users\\piemr\\source\\repos\\uww-muhendislik\\apps\\api\\src\\services\\token.service.ts": {"path":"C:\\Users\\piemr\\source\\repos\\uww-muhendislik\\apps\\api\\src\\services\\token.service.ts","all":false,"statementMap":{"0":{"start":{"line":1,"column":0},"end":{"line":1,"column":31}},"1":{"start":{"line":2,"column":0},"end":{"line":2,"column":38}},"3":{"start":{"line":4,"column":0},"end":{"line":4,"column":27}},"4":{"start":{"line":5,"column":0},"end":{"line":5,"column":48}},"5":{"start":{"line":6,"column":0},"end":{"line":6,"column":89}},"6":{"start":{"line":7,"column":0},"end":{"line":7,"column":2}},"8":{"start":{"line":9,"column":0},"end":{"line":9,"column":33}},"9":{"start":{"line":10,"column":0},"end":{"line":10,"column":70}},"10":{"start":{"line":11,"column":0},"end":{"line":11,"column":2}},"12":{"start":{"line":13,"column":0},"end":{"line":13,"column":52}},"13":{"start":{"line":14,"column":0},"end":{"line":14,"column":93}},"14":{"start":{"line":15,"column":0},"end":{"line":15,"column":2}},"16":{"start":{"line":17,"column":0},"end":{"line":17,"column":35}},"17":{"start":{"line":18,"column":0},"end":{"line":18,"column":74}},"18":{"start":{"line":19,"column":0},"end":{"line":19,"column":2}},"19":{"start":{"line":20,"column":0},"end":{"line":20,"column":1}}},"s":{"0":1,"1":1,"3":1,"4":1,"5":23,"6":23,"8":1,"9":47,"10":47,"12":1,"13":3,"14":3,"16":1,"17":2,"18":2,"19":1},"branchMap":{"0":{"type":"branch","line":5,"loc":{"start":{"line":5,"column":1},"end":{"line":7,"column":2}},"locations":[{"start":{"line":5,"column":1},"end":{"line":7,"column":2}}]},"1":{"type":"branch","line":9,"loc":{"start":{"line":9,"column":1},"end":{"line":11,"column":2}},"locations":[{"start":{"line":9,"column":1},"end":{"line":11,"column":2}}]},"2":{"type":"branch","line":13,"loc":{"start":{"line":13,"column":1},"end":{"line":15,"column":2}},"locations":[{"start":{"line":13,"column":1},"end":{"line":15,"column":2}}]},"3":{"type":"branch","line":17,"loc":{"start":{"line":17,"column":1},"end":{"line":19,"column":2}},"locations":[{"start":{"line":17,"column":1},"end":{"line":19,"column":2}}]}},"b":{"0":[23],"1":[47],"2":[3],"3":[2]},"fnMap":{"0":{"name":"generateAuthToken","decl":{"start":{"line":5,"column":1},"end":{"line":7,"column":2}},"loc":{"start":{"line":5,"column":1},"end":{"line":7,"column":2}},"line":5},"1":{"name":"verifyAuthToken","decl":{"start":{"line":9,"column":1},"end":{"line":11,"column":2}},"loc":{"start":{"line":9,"column":1},"end":{"line":11,"column":2}},"line":9},"2":{"name":"generateInviteToken","decl":{"start":{"line":13,"column":1},"end":{"line":15,"column":2}},"loc":{"start":{"line":13,"column":1},"end":{"line":15,"column":2}},"line":13},"3":{"name":"verifyInviteToken","decl":{"start":{"line":17,"column":1},"end":{"line":19,"column":2}},"loc":{"start":{"line":17,"column":1},"end":{"line":19,"column":2}},"line":17}},"f":{"0":23,"1":47,"2":3,"3":2}}
,"C:\\Users\\piemr\\source\\repos\\uww-muhendislik\\apps\\api\\src\\types\\token.types.ts": {"path":"C:\\Users\\piemr\\source\\repos\\uww-muhendislik\\apps\\api\\src\\types\\token.types.ts","all":true,"statementMap":{},"s":{},"branchMap":{"0":{"type":"branch","line":1,"loc":{"start":{"line":1,"column":327},"end":{"line":13,"column":1}},"locations":[{"start":{"line":1,"column":327},"end":{"line":13,"column":1}}]}},"b":{"0":[1]},"fnMap":{"0":{"name":"(empty-report)","decl":{"start":{"line":1,"column":327},"end":{"line":13,"column":1}},"loc":{"start":{"line":1,"column":327},"end":{"line":13,"column":1}},"line":1}},"f":{"0":1}}
,"C:\\Users\\piemr\\source\\repos\\uww-muhendislik\\apps\\api\\src\\utils\\connect-db.util.ts": {"path":"C:\\Users\\piemr\\source\\repos\\uww-muhendislik\\apps\\api\\src\\utils\\connect-db.util.ts","all":false,"statementMap":{"0":{"start":{"line":1,"column":0},"end":{"line":1,"column":32}},"1":{"start":{"line":2,"column":0},"end":{"line":2,"column":38}},"2":{"start":{"line":3,"column":0},"end":{"line":3,"column":38}},"3":{"start":{"line":4,"column":0},"end":{"line":4,"column":6}},"4":{"start":{"line":5,"column":0},"end":{"line":5,"column":45}},"5":{"start":{"line":6,"column":0},"end":{"line":6,"column":48}},"6":{"start":{"line":7,"column":0},"end":{"line":7,"column":18}},"7":{"start":{"line":8,"column":0},"end":{"line":8,"column":52}},"8":{"start":{"line":9,"column":0},"end":{"line":9,"column":18}},"9":{"start":{"line":10,"column":0},"end":{"line":10,"column":2}},"10":{"start":{"line":11,"column":0},"end":{"line":11,"column":2}}},"s":{"0":1,"1":1,"2":1,"3":0,"4":0,"5":0,"6":0,"7":0,"8":0,"9":0,"10":0},"branchMap":{},"b":{},"fnMap":{"0":{"name":"connectDB","decl":{"start":{"line":3,"column":25},"end":{"line":11,"column":2}},"loc":{"start":{"line":3,"column":25},"end":{"line":11,"column":2}},"line":3}},"f":{"0":0}}
,"C:\\Users\\piemr\\source\\repos\\uww-muhendislik\\apps\\api\\src\\utils\\omit.util.ts": {"path":"C:\\Users\\piemr\\source\\repos\\uww-muhendislik\\apps\\api\\src\\utils\\omit.util.ts","all":false,"statementMap":{"0":{"start":{"line":1,"column":0},"end":{"line":1,"column":79}},"1":{"start":{"line":2,"column":0},"end":{"line":2,"column":55}},"2":{"start":{"line":3,"column":0},"end":{"line":3,"column":27}},"4":{"start":{"line":5,"column":0},"end":{"line":5,"column":31}},"5":{"start":{"line":6,"column":0},"end":{"line":6,"column":21}},"6":{"start":{"line":7,"column":0},"end":{"line":7,"column":2}},"8":{"start":{"line":9,"column":0},"end":{"line":9,"column":15}},"9":{"start":{"line":10,"column":0},"end":{"line":10,"column":1}}},"s":{"0":1,"1":48,"2":48,"4":48,"5":48,"6":48,"8":48,"9":48},"branchMap":{"0":{"type":"branch","line":1,"loc":{"start":{"line":1,"column":7},"end":{"line":10,"column":1}},"locations":[{"start":{"line":1,"column":7},"end":{"line":10,"column":1}}]},"1":{"type":"branch","line":2,"loc":{"start":{"line":2,"column":41},"end":{"line":2,"column":55}},"locations":[{"start":{"line":2,"column":41},"end":{"line":2,"column":55}}]}},"b":{"0":[48],"1":[0]},"fnMap":{"0":{"name":"omit","decl":{"start":{"line":1,"column":7},"end":{"line":10,"column":1}},"loc":{"start":{"line":1,"column":7},"end":{"line":10,"column":1}},"line":1}},"f":{"0":48}}
,"C:\\Users\\piemr\\source\\repos\\uww-muhendislik\\apps\\api\\src\\utils\\validate-request.util.ts": {"path":"C:\\Users\\piemr\\source\\repos\\uww-muhendislik\\apps\\api\\src\\utils\\validate-request.util.ts","all":false,"statementMap":{"1":{"start":{"line":2,"column":0},"end":{"line":2,"column":31}},"3":{"start":{"line":4,"column":0},"end":{"line":4,"column":52}},"4":{"start":{"line":5,"column":0},"end":{"line":5,"column":52}},"5":{"start":{"line":6,"column":0},"end":{"line":6,"column":11}},"6":{"start":{"line":7,"column":0},"end":{"line":7,"column":18}},"8":{"start":{"line":9,"column":0},"end":{"line":9,"column":63}},"9":{"start":{"line":10,"column":0},"end":{"line":10,"column":49}},"11":{"start":{"line":12,"column":0},"end":{"line":12,"column":23}},"12":{"start":{"line":13,"column":0},"end":{"line":13,"column":42}},"13":{"start":{"line":14,"column":0},"end":{"line":14,"column":2}},"15":{"start":{"line":16,"column":0},"end":{"line":16,"column":20}},"16":{"start":{"line":17,"column":0},"end":{"line":17,"column":2}}},"s":{"1":1,"3":1,"4":127,"5":127,"6":127,"8":127,"9":127,"11":127,"12":0,"13":0,"15":127,"16":127},"branchMap":{"0":{"type":"branch","line":4,"loc":{"start":{"line":4,"column":30},"end":{"line":17,"column":2}},"locations":[{"start":{"line":4,"column":30},"end":{"line":17,"column":2}}]},"1":{"type":"branch","line":9,"loc":{"start":{"line":9,"column":52},"end":{"line":9,"column":63}},"locations":[{"start":{"line":9,"column":52},"end":{"line":9,"column":63}}]},"2":{"type":"branch","line":12,"loc":{"start":{"line":12,"column":22},"end":{"line":14,"column":2}},"locations":[{"start":{"line":12,"column":22},"end":{"line":14,"column":2}}]}},"b":{"0":[127],"1":[0],"2":[0]},"fnMap":{"0":{"name":"validateObject","decl":{"start":{"line":4,"column":30},"end":{"line":17,"column":2}},"loc":{"start":{"line":4,"column":30},"end":{"line":17,"column":2}},"line":4}},"f":{"0":127}}
}
